{"/Users/komlev/projects/personal/checkquest/src/App.tsx": {"path":"/Users/komlev/projects/personal/checkquest/src/App.tsx","all":true,"statementMap":{"0":{"start":{"line":1,"column":0},"end":{"line":1,"column":48}},"1":{"start":{"line":2,"column":0},"end":{"line":2,"column":38}},"2":{"start":{"line":3,"column":0},"end":{"line":3,"column":43}},"3":{"start":{"line":4,"column":0},"end":{"line":4,"column":47}},"4":{"start":{"line":5,"column":0},"end":{"line":5,"column":59}},"5":{"start":{"line":6,"column":0},"end":{"line":6,"column":98}},"6":{"start":{"line":7,"column":0},"end":{"line":7,"column":65}},"7":{"start":{"line":8,"column":0},"end":{"line":8,"column":65}},"8":{"start":{"line":9,"column":0},"end":{"line":9,"column":86}},"9":{"start":{"line":10,"column":0},"end":{"line":10,"column":94}},"10":{"start":{"line":11,"column":0},"end":{"line":11,"column":82}},"11":{"start":{"line":12,"column":0},"end":{"line":12,"column":70}},"12":{"start":{"line":13,"column":0},"end":{"line":13,"column":94}},"13":{"start":{"line":14,"column":0},"end":{"line":14,"column":82}},"14":{"start":{"line":15,"column":0},"end":{"line":15,"column":91}},"15":{"start":{"line":16,"column":0},"end":{"line":16,"column":91}},"16":{"start":{"line":17,"column":0},"end":{"line":17,"column":79}},"17":{"start":{"line":18,"column":0},"end":{"line":18,"column":8}},"28":{"start":{"line":29,"column":0},"end":{"line":29,"column":30}},"29":{"start":{"line":30,"column":0},"end":{"line":30,"column":40}},"31":{"start":{"line":32,"column":0},"end":{"line":32,"column":19}},"32":{"start":{"line":33,"column":0},"end":{"line":33,"column":23}},"33":{"start":{"line":34,"column":0},"end":{"line":34,"column":9}},"35":{"start":{"line":36,"column":0},"end":{"line":36,"column":10}},"36":{"start":{"line":37,"column":0},"end":{"line":37,"column":35}},"37":{"start":{"line":38,"column":0},"end":{"line":38,"column":68}},"38":{"start":{"line":39,"column":0},"end":{"line":39,"column":18}},"39":{"start":{"line":40,"column":0},"end":{"line":40,"column":25}},"40":{"start":{"line":41,"column":0},"end":{"line":41,"column":41}},"41":{"start":{"line":42,"column":0},"end":{"line":42,"column":29}},"42":{"start":{"line":43,"column":0},"end":{"line":43,"column":20}},"43":{"start":{"line":44,"column":0},"end":{"line":44,"column":57}},"44":{"start":{"line":45,"column":0},"end":{"line":45,"column":75}},"45":{"start":{"line":46,"column":0},"end":{"line":46,"column":73}},"46":{"start":{"line":47,"column":0},"end":{"line":47,"column":71}},"47":{"start":{"line":48,"column":0},"end":{"line":48,"column":74}},"48":{"start":{"line":49,"column":0},"end":{"line":49,"column":75}},"49":{"start":{"line":50,"column":0},"end":{"line":50,"column":73}},"50":{"start":{"line":51,"column":0},"end":{"line":51,"column":71}},"51":{"start":{"line":52,"column":0},"end":{"line":52,"column":48}},"52":{"start":{"line":53,"column":0},"end":{"line":53,"column":21}},"53":{"start":{"line":54,"column":0},"end":{"line":54,"column":30}},"54":{"start":{"line":55,"column":0},"end":{"line":55,"column":15}},"55":{"start":{"line":56,"column":0},"end":{"line":56,"column":18}},"56":{"start":{"line":57,"column":0},"end":{"line":57,"column":12}},"57":{"start":{"line":58,"column":0},"end":{"line":58,"column":13}},"59":{"start":{"line":60,"column":0},"end":{"line":60,"column":2}}},"s":{"0":0,"1":0,"2":0,"3":0,"4":0,"5":0,"6":0,"7":0,"8":0,"9":0,"10":0,"11":0,"12":0,"13":0,"14":0,"15":0,"16":0,"17":0,"28":0,"29":0,"31":0,"32":0,"33":0,"35":0,"36":0,"37":0,"38":0,"39":0,"40":0,"41":0,"42":0,"43":0,"44":0,"45":0,"46":0,"47":0,"48":0,"49":0,"50":0,"51":0,"52":0,"53":0,"54":0,"55":0,"56":0,"57":0,"59":0},"branchMap":{"0":{"type":"branch","line":1,"loc":{"start":{"line":1,"column":1662},"end":{"line":60,"column":-1281}},"locations":[{"start":{"line":1,"column":1662},"end":{"line":60,"column":-1281}}]}},"b":{"0":[0]},"fnMap":{"0":{"name":"(empty-report)","decl":{"start":{"line":1,"column":1662},"end":{"line":60,"column":-1281}},"loc":{"start":{"line":1,"column":1662},"end":{"line":60,"column":-1281}},"line":1}},"f":{"0":0}}
,"/Users/komlev/projects/personal/checkquest/src/main.tsx": {"path":"/Users/komlev/projects/personal/checkquest/src/main.tsx","all":true,"statementMap":{"0":{"start":{"line":1,"column":0},"end":{"line":1,"column":21}},"1":{"start":{"line":2,"column":0},"end":{"line":2,"column":35}},"2":{"start":{"line":3,"column":0},"end":{"line":3,"column":46}},"3":{"start":{"line":4,"column":0},"end":{"line":4,"column":28}},"5":{"start":{"line":6,"column":0},"end":{"line":6,"column":52}},"6":{"start":{"line":7,"column":0},"end":{"line":7,"column":14}},"7":{"start":{"line":8,"column":0},"end":{"line":8,"column":11}},"8":{"start":{"line":9,"column":0},"end":{"line":9,"column":15}},"9":{"start":{"line":10,"column":0},"end":{"line":10,"column":2}}},"s":{"0":0,"1":0,"2":0,"3":0,"5":0,"6":0,"7":0,"8":0,"9":0},"branchMap":{"0":{"type":"branch","line":1,"loc":{"start":{"line":1,"column":207},"end":{"line":10,"column":-174}},"locations":[{"start":{"line":1,"column":207},"end":{"line":10,"column":-174}}]}},"b":{"0":[0]},"fnMap":{"0":{"name":"(empty-report)","decl":{"start":{"line":1,"column":207},"end":{"line":10,"column":-174}},"loc":{"start":{"line":1,"column":207},"end":{"line":10,"column":-174}},"line":1}},"f":{"0":0}}
,"/Users/komlev/projects/personal/checkquest/src/routes.ts": {"path":"/Users/komlev/projects/personal/checkquest/src/routes.ts","all":true,"statementMap":{"0":{"start":{"line":1,"column":0},"end":{"line":1,"column":48}},"2":{"start":{"line":3,"column":0},"end":{"line":3,"column":24}},"3":{"start":{"line":4,"column":0},"end":{"line":4,"column":39}},"4":{"start":{"line":5,"column":0},"end":{"line":5,"column":42}},"5":{"start":{"line":6,"column":0},"end":{"line":6,"column":43}},"6":{"start":{"line":7,"column":0},"end":{"line":7,"column":48}},"7":{"start":{"line":8,"column":0},"end":{"line":8,"column":44}},"8":{"start":{"line":9,"column":0},"end":{"line":9,"column":47}},"9":{"start":{"line":10,"column":0},"end":{"line":10,"column":48}},"11":{"start":{"line":12,"column":0},"end":{"line":12,"column":45}},"13":{"start":{"line":14,"column":0},"end":{"line":14,"column":47}},"14":{"start":{"line":15,"column":0},"end":{"line":15,"column":36}},"16":{"start":{"line":17,"column":0},"end":{"line":17,"column":51}},"17":{"start":{"line":18,"column":0},"end":{"line":18,"column":36}},"19":{"start":{"line":20,"column":0},"end":{"line":20,"column":47}},"20":{"start":{"line":21,"column":0},"end":{"line":21,"column":36}},"22":{"start":{"line":23,"column":0},"end":{"line":23,"column":60}},"23":{"start":{"line":24,"column":0},"end":{"line":24,"column":70}}},"s":{"0":0,"2":0,"3":0,"4":0,"5":0,"6":0,"7":0,"8":0,"9":0,"11":0,"13":0,"14":0,"16":0,"17":0,"19":0,"20":0,"22":0,"23":0},"branchMap":{"0":{"type":"branch","line":1,"loc":{"start":{"line":1,"column":834},"end":{"line":24,"column":70}},"locations":[{"start":{"line":1,"column":834},"end":{"line":24,"column":70}}]}},"b":{"0":[0]},"fnMap":{"0":{"name":"(empty-report)","decl":{"start":{"line":1,"column":834},"end":{"line":24,"column":70}},"loc":{"start":{"line":1,"column":834},"end":{"line":24,"column":70}},"line":1}},"f":{"0":0}}
,"/Users/komlev/projects/personal/checkquest/src/types.ts": {"path":"/Users/komlev/projects/personal/checkquest/src/types.ts","all":true,"statementMap":{},"s":{},"branchMap":{"0":{"type":"branch","line":1,"loc":{"start":{"line":1,"column":540},"end":{"line":33,"column":1}},"locations":[{"start":{"line":1,"column":540},"end":{"line":33,"column":1}}]}},"b":{"0":[1]},"fnMap":{"0":{"name":"(empty-report)","decl":{"start":{"line":1,"column":540},"end":{"line":33,"column":1}},"loc":{"start":{"line":1,"column":540},"end":{"line":33,"column":1}},"line":1}},"f":{"0":1}}
,"/Users/komlev/projects/personal/checkquest/src/components/00-Atoms/ChecklistImage/ChecklistImage.tsx": {"path":"/Users/komlev/projects/personal/checkquest/src/components/00-Atoms/ChecklistImage/ChecklistImage.tsx","all":true,"statementMap":{"7":{"start":{"line":8,"column":0},"end":{"line":8,"column":53}},"8":{"start":{"line":9,"column":0},"end":{"line":9,"column":61}}},"s":{"7":0,"8":0},"branchMap":{"0":{"type":"branch","line":1,"loc":{"start":{"line":1,"column":191},"end":{"line":10,"column":-3}},"locations":[{"start":{"line":1,"column":191},"end":{"line":10,"column":-3}}]}},"b":{"0":[1]},"fnMap":{"0":{"name":"(empty-report)","decl":{"start":{"line":1,"column":191},"end":{"line":10,"column":-3}},"loc":{"start":{"line":1,"column":191},"end":{"line":10,"column":-3}},"line":1}},"f":{"0":1}}
,"/Users/komlev/projects/personal/checkquest/src/components/00-Atoms/Container/Container.tsx": {"path":"/Users/komlev/projects/personal/checkquest/src/components/00-Atoms/Container/Container.tsx","all":true,"statementMap":{"0":{"start":{"line":1,"column":0},"end":{"line":1,"column":24}},"5":{"start":{"line":6,"column":0},"end":{"line":6,"column":48}},"6":{"start":{"line":7,"column":0},"end":{"line":7,"column":6}},"7":{"start":{"line":8,"column":0},"end":{"line":8,"column":14}},"8":{"start":{"line":9,"column":0},"end":{"line":9,"column":77}},"10":{"start":{"line":11,"column":0},"end":{"line":11,"column":20}},"11":{"start":{"line":12,"column":0},"end":{"line":12,"column":8}}},"s":{"0":0,"5":0,"6":0,"7":0,"8":0,"10":0,"11":0},"branchMap":{"0":{"type":"branch","line":1,"loc":{"start":{"line":1,"column":221},"end":{"line":13,"column":-92}},"locations":[{"start":{"line":1,"column":221},"end":{"line":13,"column":-92}}]}},"b":{"0":[0]},"fnMap":{"0":{"name":"(empty-report)","decl":{"start":{"line":1,"column":221},"end":{"line":13,"column":-92}},"loc":{"start":{"line":1,"column":221},"end":{"line":13,"column":-92}},"line":1}},"f":{"0":0}}
,"/Users/komlev/projects/personal/checkquest/src/components/00-Atoms/FormControl/FormControl.tsx": {"path":"/Users/komlev/projects/personal/checkquest/src/components/00-Atoms/FormControl/FormControl.tsx","all":true,"statementMap":{"0":{"start":{"line":1,"column":0},"end":{"line":1,"column":24}},"18":{"start":{"line":19,"column":0},"end":{"line":19,"column":40}},"19":{"start":{"line":20,"column":0},"end":{"line":20,"column":5}},"20":{"start":{"line":21,"column":0},"end":{"line":21,"column":8}},"21":{"start":{"line":22,"column":0},"end":{"line":22,"column":8}},"22":{"start":{"line":23,"column":0},"end":{"line":23,"column":11}},"23":{"start":{"line":24,"column":0},"end":{"line":24,"column":17}},"24":{"start":{"line":25,"column":0},"end":{"line":25,"column":10}},"25":{"start":{"line":26,"column":0},"end":{"line":26,"column":7}},"26":{"start":{"line":27,"column":0},"end":{"line":27,"column":11}},"27":{"start":{"line":28,"column":0},"end":{"line":28,"column":14}},"28":{"start":{"line":29,"column":0},"end":{"line":29,"column":49}},"29":{"start":{"line":30,"column":0},"end":{"line":30,"column":26}},"31":{"start":{"line":32,"column":0},"end":{"line":32,"column":75}},"32":{"start":{"line":33,"column":0},"end":{"line":33,"column":13}},"33":{"start":{"line":34,"column":0},"end":{"line":34,"column":13}},"34":{"start":{"line":35,"column":0},"end":{"line":35,"column":20}},"35":{"start":{"line":36,"column":0},"end":{"line":36,"column":10}},"36":{"start":{"line":37,"column":0},"end":{"line":37,"column":18}},"37":{"start":{"line":38,"column":0},"end":{"line":38,"column":22}},"38":{"start":{"line":39,"column":0},"end":{"line":39,"column":46}},"39":{"start":{"line":40,"column":0},"end":{"line":40,"column":29}},"40":{"start":{"line":41,"column":0},"end":{"line":41,"column":8}},"41":{"start":{"line":42,"column":0},"end":{"line":42,"column":24}},"42":{"start":{"line":43,"column":0},"end":{"line":43,"column":40}},"44":{"start":{"line":45,"column":0},"end":{"line":45,"column":20}},"45":{"start":{"line":46,"column":0},"end":{"line":46,"column":12}},"46":{"start":{"line":47,"column":0},"end":{"line":47,"column":13}}},"s":{"0":0,"18":0,"19":0,"20":0,"21":0,"22":0,"23":0,"24":0,"25":0,"26":0,"27":0,"28":0,"29":0,"31":0,"32":0,"33":0,"34":0,"35":0,"36":0,"37":0,"38":0,"39":0,"40":0,"41":0,"42":0,"44":0,"45":0,"46":0},"branchMap":{"0":{"type":"branch","line":1,"loc":{"start":{"line":1,"column":541},"end":{"line":48,"column":-254}},"locations":[{"start":{"line":1,"column":541},"end":{"line":48,"column":-254}}]}},"b":{"0":[0]},"fnMap":{"0":{"name":"(empty-report)","decl":{"start":{"line":1,"column":541},"end":{"line":48,"column":-254}},"loc":{"start":{"line":1,"column":541},"end":{"line":48,"column":-254}},"line":1}},"f":{"0":0}}
,"/Users/komlev/projects/personal/checkquest/src/components/00-Atoms/Icons/CheckIcon.tsx": {"path":"/Users/komlev/projects/personal/checkquest/src/components/00-Atoms/Icons/CheckIcon.tsx","all":true,"statementMap":{"2":{"start":{"line":3,"column":0},"end":{"line":3,"column":66}},"3":{"start":{"line":4,"column":0},"end":{"line":4,"column":75}},"4":{"start":{"line":5,"column":0},"end":{"line":5,"column":197}},"5":{"start":{"line":6,"column":0},"end":{"line":6,"column":8}}},"s":{"2":0,"3":0,"4":0,"5":0},"branchMap":{"0":{"type":"branch","line":1,"loc":{"start":{"line":1,"column":186},"end":{"line":7,"column":-12}},"locations":[{"start":{"line":1,"column":186},"end":{"line":7,"column":-12}}]}},"b":{"0":[1]},"fnMap":{"0":{"name":"(empty-report)","decl":{"start":{"line":1,"column":186},"end":{"line":7,"column":-12}},"loc":{"start":{"line":1,"column":186},"end":{"line":7,"column":-12}},"line":1}},"f":{"0":1}}
,"/Users/komlev/projects/personal/checkquest/src/components/00-Atoms/Icons/ClipboardIcon.tsx": {"path":"/Users/komlev/projects/personal/checkquest/src/components/00-Atoms/Icons/ClipboardIcon.tsx","all":true,"statementMap":{"2":{"start":{"line":3,"column":0},"end":{"line":3,"column":70}},"3":{"start":{"line":4,"column":0},"end":{"line":4,"column":75}},"4":{"start":{"line":5,"column":0},"end":{"line":5,"column":409}},"5":{"start":{"line":6,"column":0},"end":{"line":6,"column":8}}},"s":{"2":0,"3":0,"4":0,"5":0},"branchMap":{"0":{"type":"branch","line":1,"loc":{"start":{"line":1,"column":190},"end":{"line":7,"column":-12}},"locations":[{"start":{"line":1,"column":190},"end":{"line":7,"column":-12}}]}},"b":{"0":[1]},"fnMap":{"0":{"name":"(empty-report)","decl":{"start":{"line":1,"column":190},"end":{"line":7,"column":-12}},"loc":{"start":{"line":1,"column":190},"end":{"line":7,"column":-12}},"line":1}},"f":{"0":1}}
,"/Users/komlev/projects/personal/checkquest/src/components/00-Atoms/Icons/EditIcon.tsx": {"path":"/Users/komlev/projects/personal/checkquest/src/components/00-Atoms/Icons/EditIcon.tsx","all":true,"statementMap":{"2":{"start":{"line":3,"column":0},"end":{"line":3,"column":65}},"3":{"start":{"line":4,"column":0},"end":{"line":4,"column":75}},"4":{"start":{"line":5,"column":0},"end":{"line":5,"column":699}},"5":{"start":{"line":6,"column":0},"end":{"line":6,"column":8}}},"s":{"2":0,"3":0,"4":0,"5":0},"branchMap":{"0":{"type":"branch","line":1,"loc":{"start":{"line":1,"column":185},"end":{"line":7,"column":-12}},"locations":[{"start":{"line":1,"column":185},"end":{"line":7,"column":-12}}]}},"b":{"0":[1]},"fnMap":{"0":{"name":"(empty-report)","decl":{"start":{"line":1,"column":185},"end":{"line":7,"column":-12}},"loc":{"start":{"line":1,"column":185},"end":{"line":7,"column":-12}},"line":1}},"f":{"0":1}}
,"/Users/komlev/projects/personal/checkquest/src/components/00-Atoms/Icons/GithubIcon.tsx": {"path":"/Users/komlev/projects/personal/checkquest/src/components/00-Atoms/Icons/GithubIcon.tsx","all":true,"statementMap":{"2":{"start":{"line":3,"column":0},"end":{"line":3,"column":67}},"3":{"start":{"line":4,"column":0},"end":{"line":4,"column":6}},"4":{"start":{"line":5,"column":0},"end":{"line":5,"column":14}},"5":{"start":{"line":6,"column":0},"end":{"line":6,"column":15}},"6":{"start":{"line":7,"column":0},"end":{"line":7,"column":23}},"7":{"start":{"line":8,"column":0},"end":{"line":8,"column":15}},"8":{"start":{"line":9,"column":0},"end":{"line":9,"column":38}},"9":{"start":{"line":10,"column":0},"end":{"line":10,"column":14}},"11":{"start":{"line":12,"column":0},"end":{"line":12,"column":9}},"12":{"start":{"line":13,"column":0},"end":{"line":13,"column":1188}},"13":{"start":{"line":14,"column":0},"end":{"line":14,"column":25}},"14":{"start":{"line":15,"column":0},"end":{"line":15,"column":24}},"15":{"start":{"line":16,"column":0},"end":{"line":16,"column":24}},"16":{"start":{"line":17,"column":0},"end":{"line":17,"column":12}},"17":{"start":{"line":18,"column":0},"end":{"line":18,"column":8}}},"s":{"2":0,"3":0,"4":0,"5":0,"6":0,"7":0,"8":0,"9":0,"11":0,"12":0,"13":0,"14":0,"15":0,"16":0,"17":0},"branchMap":{"0":{"type":"branch","line":1,"loc":{"start":{"line":1,"column":247},"end":{"line":19,"column":-99}},"locations":[{"start":{"line":1,"column":247},"end":{"line":19,"column":-99}}]}},"b":{"0":[1]},"fnMap":{"0":{"name":"(empty-report)","decl":{"start":{"line":1,"column":247},"end":{"line":19,"column":-99}},"loc":{"start":{"line":1,"column":247},"end":{"line":19,"column":-99}},"line":1}},"f":{"0":1}}
,"/Users/komlev/projects/personal/checkquest/src/components/00-Atoms/Icons/PasteIcon.tsx": {"path":"/Users/komlev/projects/personal/checkquest/src/components/00-Atoms/Icons/PasteIcon.tsx","all":true,"statementMap":{"2":{"start":{"line":3,"column":0},"end":{"line":3,"column":66}},"3":{"start":{"line":4,"column":0},"end":{"line":4,"column":75}},"4":{"start":{"line":5,"column":0},"end":{"line":5,"column":593}},"5":{"start":{"line":6,"column":0},"end":{"line":6,"column":8}}},"s":{"2":0,"3":0,"4":0,"5":0},"branchMap":{"0":{"type":"branch","line":1,"loc":{"start":{"line":1,"column":186},"end":{"line":7,"column":-12}},"locations":[{"start":{"line":1,"column":186},"end":{"line":7,"column":-12}}]}},"b":{"0":[1]},"fnMap":{"0":{"name":"(empty-report)","decl":{"start":{"line":1,"column":186},"end":{"line":7,"column":-12}},"loc":{"start":{"line":1,"column":186},"end":{"line":7,"column":-12}},"line":1}},"f":{"0":1}}
,"/Users/komlev/projects/personal/checkquest/src/components/00-Atoms/Icons/SearchIcon.tsx": {"path":"/Users/komlev/projects/personal/checkquest/src/components/00-Atoms/Icons/SearchIcon.tsx","all":true,"statementMap":{"2":{"start":{"line":3,"column":0},"end":{"line":3,"column":67}},"3":{"start":{"line":4,"column":0},"end":{"line":4,"column":75}},"4":{"start":{"line":5,"column":0},"end":{"line":5,"column":249}},"5":{"start":{"line":6,"column":0},"end":{"line":6,"column":8}}},"s":{"2":0,"3":0,"4":0,"5":0},"branchMap":{"0":{"type":"branch","line":1,"loc":{"start":{"line":1,"column":187},"end":{"line":7,"column":-12}},"locations":[{"start":{"line":1,"column":187},"end":{"line":7,"column":-12}}]}},"b":{"0":[1]},"fnMap":{"0":{"name":"(empty-report)","decl":{"start":{"line":1,"column":187},"end":{"line":7,"column":-12}},"loc":{"start":{"line":1,"column":187},"end":{"line":7,"column":-12}},"line":1}},"f":{"0":1}}
,"/Users/komlev/projects/personal/checkquest/src/components/00-Atoms/Icons/StartIcon.tsx": {"path":"/Users/komlev/projects/personal/checkquest/src/components/00-Atoms/Icons/StartIcon.tsx","all":true,"statementMap":{"2":{"start":{"line":3,"column":0},"end":{"line":3,"column":66}},"3":{"start":{"line":4,"column":0},"end":{"line":4,"column":75}},"4":{"start":{"line":5,"column":0},"end":{"line":5,"column":165}},"5":{"start":{"line":6,"column":0},"end":{"line":6,"column":8}}},"s":{"2":0,"3":0,"4":0,"5":0},"branchMap":{"0":{"type":"branch","line":1,"loc":{"start":{"line":1,"column":186},"end":{"line":7,"column":-12}},"locations":[{"start":{"line":1,"column":186},"end":{"line":7,"column":-12}}]}},"b":{"0":[1]},"fnMap":{"0":{"name":"(empty-report)","decl":{"start":{"line":1,"column":186},"end":{"line":7,"column":-12}},"loc":{"start":{"line":1,"column":186},"end":{"line":7,"column":-12}},"line":1}},"f":{"0":1}}
,"/Users/komlev/projects/personal/checkquest/src/components/00-Atoms/Icons/TrashIcon.tsx": {"path":"/Users/komlev/projects/personal/checkquest/src/components/00-Atoms/Icons/TrashIcon.tsx","all":true,"statementMap":{"2":{"start":{"line":3,"column":0},"end":{"line":3,"column":66}},"3":{"start":{"line":4,"column":0},"end":{"line":4,"column":75}},"4":{"start":{"line":5,"column":0},"end":{"line":5,"column":694}},"5":{"start":{"line":6,"column":0},"end":{"line":6,"column":8}}},"s":{"2":0,"3":0,"4":0,"5":0},"branchMap":{"0":{"type":"branch","line":1,"loc":{"start":{"line":1,"column":186},"end":{"line":7,"column":-12}},"locations":[{"start":{"line":1,"column":186},"end":{"line":7,"column":-12}}]}},"b":{"0":[1]},"fnMap":{"0":{"name":"(empty-report)","decl":{"start":{"line":1,"column":186},"end":{"line":7,"column":-12}},"loc":{"start":{"line":1,"column":186},"end":{"line":7,"column":-12}},"line":1}},"f":{"0":1}}
,"/Users/komlev/projects/personal/checkquest/src/components/00-Atoms/Line/Line.tsx": {"path":"/Users/komlev/projects/personal/checkquest/src/components/00-Atoms/Line/Line.tsx","all":true,"statementMap":{"0":{"start":{"line":1,"column":0},"end":{"line":1,"column":24}},"8":{"start":{"line":9,"column":0},"end":{"line":9,"column":61}},"9":{"start":{"line":10,"column":0},"end":{"line":10,"column":62}}},"s":{"0":0,"8":0,"9":0},"branchMap":{"0":{"type":"branch","line":1,"loc":{"start":{"line":1,"column":194},"end":{"line":11,"column":-60}},"locations":[{"start":{"line":1,"column":194},"end":{"line":11,"column":-60}}]}},"b":{"0":[0]},"fnMap":{"0":{"name":"(empty-report)","decl":{"start":{"line":1,"column":194},"end":{"line":11,"column":-60}},"loc":{"start":{"line":1,"column":194},"end":{"line":11,"column":-60}},"line":1}},"f":{"0":0}}
,"/Users/komlev/projects/personal/checkquest/src/components/00-Atoms/Modal/Modal.tsx": {"path":"/Users/komlev/projects/personal/checkquest/src/components/00-Atoms/Modal/Modal.tsx","all":true,"statementMap":{"0":{"start":{"line":1,"column":0},"end":{"line":1,"column":24}},"1":{"start":{"line":2,"column":0},"end":{"line":2,"column":57}},"2":{"start":{"line":3,"column":0},"end":{"line":3,"column":41}},"13":{"start":{"line":14,"column":0},"end":{"line":14,"column":32}},"14":{"start":{"line":15,"column":0},"end":{"line":15,"column":9}},"15":{"start":{"line":16,"column":0},"end":{"line":16,"column":10}},"16":{"start":{"line":17,"column":0},"end":{"line":17,"column":8}},"17":{"start":{"line":18,"column":0},"end":{"line":18,"column":11}},"18":{"start":{"line":19,"column":0},"end":{"line":19,"column":9}},"19":{"start":{"line":20,"column":0},"end":{"line":20,"column":17}},"20":{"start":{"line":21,"column":0},"end":{"line":21,"column":7}},"21":{"start":{"line":22,"column":0},"end":{"line":22,"column":51}},"22":{"start":{"line":23,"column":0},"end":{"line":23,"column":31}},"24":{"start":{"line":25,"column":0},"end":{"line":25,"column":19}},"25":{"start":{"line":26,"column":0},"end":{"line":26,"column":42}},"26":{"start":{"line":27,"column":0},"end":{"line":27,"column":30}},"28":{"start":{"line":29,"column":0},"end":{"line":29,"column":17}},"29":{"start":{"line":30,"column":0},"end":{"line":30,"column":31}},"30":{"start":{"line":31,"column":0},"end":{"line":31,"column":48}},"31":{"start":{"line":32,"column":0},"end":{"line":32,"column":12}},"32":{"start":{"line":33,"column":0},"end":{"line":33,"column":27}},"33":{"start":{"line":34,"column":0},"end":{"line":34,"column":51}},"34":{"start":{"line":35,"column":0},"end":{"line":35,"column":5}},"36":{"start":{"line":37,"column":0},"end":{"line":37,"column":18}},"37":{"start":{"line":38,"column":0},"end":{"line":38,"column":51}},"38":{"start":{"line":39,"column":0},"end":{"line":39,"column":6}},"39":{"start":{"line":40,"column":0},"end":{"line":40,"column":15}},"41":{"start":{"line":42,"column":0},"end":{"line":42,"column":10}},"42":{"start":{"line":43,"column":0},"end":{"line":43,"column":11}},"43":{"start":{"line":44,"column":0},"end":{"line":44,"column":23}},"44":{"start":{"line":45,"column":0},"end":{"line":45,"column":20}},"45":{"start":{"line":46,"column":0},"end":{"line":46,"column":42}},"46":{"start":{"line":47,"column":0},"end":{"line":47,"column":31}},"47":{"start":{"line":48,"column":0},"end":{"line":48,"column":23}},"48":{"start":{"line":49,"column":0},"end":{"line":49,"column":19}},"49":{"start":{"line":50,"column":0},"end":{"line":50,"column":27}},"51":{"start":{"line":52,"column":0},"end":{"line":52,"column":33}},"52":{"start":{"line":53,"column":0},"end":{"line":53,"column":30}},"53":{"start":{"line":54,"column":0},"end":{"line":54,"column":17}},"54":{"start":{"line":55,"column":0},"end":{"line":55,"column":25}},"55":{"start":{"line":56,"column":0},"end":{"line":56,"column":32}},"56":{"start":{"line":57,"column":0},"end":{"line":57,"column":67}},"57":{"start":{"line":58,"column":0},"end":{"line":58,"column":29}},"58":{"start":{"line":59,"column":0},"end":{"line":59,"column":36}},"59":{"start":{"line":60,"column":0},"end":{"line":60,"column":11}},"61":{"start":{"line":62,"column":0},"end":{"line":62,"column":19}},"62":{"start":{"line":63,"column":0},"end":{"line":63,"column":15}},"63":{"start":{"line":64,"column":0},"end":{"line":64,"column":51}},"64":{"start":{"line":65,"column":0},"end":{"line":65,"column":17}},"65":{"start":{"line":66,"column":0},"end":{"line":66,"column":19}},"66":{"start":{"line":67,"column":0},"end":{"line":67,"column":46}},"67":{"start":{"line":68,"column":0},"end":{"line":68,"column":64}},"68":{"start":{"line":69,"column":0},"end":{"line":69,"column":12}},"69":{"start":{"line":70,"column":0},"end":{"line":70,"column":13}},"71":{"start":{"line":72,"column":0},"end":{"line":72,"column":2}},"73":{"start":{"line":74,"column":0},"end":{"line":74,"column":21}}},"s":{"0":0,"1":0,"2":0,"13":0,"14":0,"15":0,"16":0,"17":0,"18":0,"19":0,"20":0,"21":0,"22":0,"24":0,"25":0,"26":0,"28":0,"29":0,"30":0,"31":0,"32":0,"33":0,"34":0,"36":0,"37":0,"38":0,"39":0,"41":0,"42":0,"43":0,"44":0,"45":0,"46":0,"47":0,"48":0,"49":0,"51":0,"52":0,"53":0,"54":0,"55":0,"56":0,"57":0,"58":0,"59":0,"61":0,"62":0,"63":0,"64":0,"65":0,"66":0,"67":0,"68":0,"69":0,"71":0,"73":0},"branchMap":{"0":{"type":"branch","line":1,"loc":{"start":{"line":1,"column":1159},"end":{"line":74,"column":-453}},"locations":[{"start":{"line":1,"column":1159},"end":{"line":74,"column":-453}}]}},"b":{"0":[0]},"fnMap":{"0":{"name":"(empty-report)","decl":{"start":{"line":1,"column":1159},"end":{"line":74,"column":-453}},"loc":{"start":{"line":1,"column":1159},"end":{"line":74,"column":-453}},"line":1}},"f":{"0":0}}
,"/Users/komlev/projects/personal/checkquest/src/components/00-Atoms/Modal/index.ts": {"path":"/Users/komlev/projects/personal/checkquest/src/components/00-Atoms/Modal/index.ts","all":true,"statementMap":{"0":{"start":{"line":1,"column":0},"end":{"line":1,"column":29}},"2":{"start":{"line":3,"column":0},"end":{"line":3,"column":51}}},"s":{"0":0,"2":0},"branchMap":{"0":{"type":"branch","line":1,"loc":{"start":{"line":1,"column":0},"end":{"line":3,"column":-2}},"locations":[{"start":{"line":1,"column":0},"end":{"line":3,"column":-2}}]}},"b":{"0":[0]},"fnMap":{"0":{"name":"(empty-report)","decl":{"start":{"line":1,"column":0},"end":{"line":3,"column":-2}},"loc":{"start":{"line":1,"column":0},"end":{"line":3,"column":-2}},"line":1}},"f":{"0":0}}
,"/Users/komlev/projects/personal/checkquest/src/components/00-Atoms/Score/Score.tsx": {"path":"/Users/komlev/projects/personal/checkquest/src/components/00-Atoms/Score/Score.tsx","all":true,"statementMap":{"11":{"start":{"line":12,"column":0},"end":{"line":12,"column":46}},"12":{"start":{"line":13,"column":0},"end":{"line":13,"column":36}},"14":{"start":{"line":15,"column":0},"end":{"line":15,"column":34}},"15":{"start":{"line":16,"column":0},"end":{"line":16,"column":8}},"16":{"start":{"line":17,"column":0},"end":{"line":17,"column":11}},"17":{"start":{"line":18,"column":0},"end":{"line":18,"column":15}},"18":{"start":{"line":19,"column":0},"end":{"line":19,"column":10}},"19":{"start":{"line":20,"column":0},"end":{"line":20,"column":7}},"20":{"start":{"line":21,"column":0},"end":{"line":21,"column":18}},"21":{"start":{"line":22,"column":0},"end":{"line":22,"column":21}},"22":{"start":{"line":23,"column":0},"end":{"line":23,"column":74}},"23":{"start":{"line":24,"column":0},"end":{"line":24,"column":10}},"24":{"start":{"line":25,"column":0},"end":{"line":25,"column":21}},"25":{"start":{"line":26,"column":0},"end":{"line":26,"column":12}},"26":{"start":{"line":27,"column":0},"end":{"line":27,"column":62}},"27":{"start":{"line":28,"column":0},"end":{"line":28,"column":6}},"28":{"start":{"line":29,"column":0},"end":{"line":29,"column":3}},"30":{"start":{"line":31,"column":0},"end":{"line":31,"column":41}},"31":{"start":{"line":32,"column":0},"end":{"line":32,"column":2}}},"s":{"11":0,"12":0,"14":0,"15":0,"16":0,"17":0,"18":0,"19":0,"20":0,"21":0,"22":0,"23":0,"24":0,"25":0,"26":0,"27":0,"28":0,"30":0,"31":0},"branchMap":{"0":{"type":"branch","line":1,"loc":{"start":{"line":1,"column":644},"end":{"line":32,"column":-32}},"locations":[{"start":{"line":1,"column":644},"end":{"line":32,"column":-32}}]}},"b":{"0":[1]},"fnMap":{"0":{"name":"(empty-report)","decl":{"start":{"line":1,"column":644},"end":{"line":32,"column":-32}},"loc":{"start":{"line":1,"column":644},"end":{"line":32,"column":-32}},"line":1}},"f":{"0":1}}
,"/Users/komlev/projects/personal/checkquest/src/components/00-Atoms/SkillLevel/SkillLevel.tsx": {"path":"/Users/komlev/projects/personal/checkquest/src/components/00-Atoms/SkillLevel/SkillLevel.tsx","all":true,"statementMap":{"1":{"start":{"line":2,"column":0},"end":{"line":2,"column":57}},"11":{"start":{"line":12,"column":0},"end":{"line":12,"column":74}},"12":{"start":{"line":13,"column":0},"end":{"line":13,"column":48}},"13":{"start":{"line":14,"column":0},"end":{"line":14,"column":41}},"14":{"start":{"line":15,"column":0},"end":{"line":15,"column":2}}},"s":{"1":0,"11":0,"12":0,"13":0,"14":0},"branchMap":{"0":{"type":"branch","line":1,"loc":{"start":{"line":1,"column":388},"end":{"line":15,"column":-26}},"locations":[{"start":{"line":1,"column":388},"end":{"line":15,"column":-26}}]}},"b":{"0":[1]},"fnMap":{"0":{"name":"(empty-report)","decl":{"start":{"line":1,"column":388},"end":{"line":15,"column":-26}},"loc":{"start":{"line":1,"column":388},"end":{"line":15,"column":-26}},"line":1}},"f":{"0":1}}
,"/Users/komlev/projects/personal/checkquest/src/components/00-Atoms/ThemeSwitcher/ThemeSwitcher.tsx": {"path":"/Users/komlev/projects/personal/checkquest/src/components/00-Atoms/ThemeSwitcher/ThemeSwitcher.tsx","all":false,"statementMap":{"0":{"start":{"line":1,"column":0},"end":{"line":1,"column":38}},"2":{"start":{"line":3,"column":0},"end":{"line":3,"column":36}},"3":{"start":{"line":4,"column":0},"end":{"line":4,"column":43}},"5":{"start":{"line":6,"column":0},"end":{"line":6,"column":10}},"6":{"start":{"line":7,"column":0},"end":{"line":7,"column":10}},"7":{"start":{"line":8,"column":0},"end":{"line":8,"column":34}},"8":{"start":{"line":9,"column":0},"end":{"line":9,"column":31}},"9":{"start":{"line":10,"column":0},"end":{"line":10,"column":26}},"12":{"start":{"line":13,"column":0},"end":{"line":13,"column":12}},"13":{"start":{"line":14,"column":0},"end":{"line":14,"column":23}},"14":{"start":{"line":15,"column":0},"end":{"line":15,"column":54}},"15":{"start":{"line":16,"column":0},"end":{"line":16,"column":21}},"16":{"start":{"line":17,"column":0},"end":{"line":17,"column":24}},"17":{"start":{"line":18,"column":0},"end":{"line":18,"column":43}},"18":{"start":{"line":19,"column":0},"end":{"line":19,"column":29}},"19":{"start":{"line":20,"column":0},"end":{"line":20,"column":56}},"20":{"start":{"line":21,"column":0},"end":{"line":21,"column":8}},"22":{"start":{"line":23,"column":0},"end":{"line":23,"column":10}},"23":{"start":{"line":24,"column":0},"end":{"line":24,"column":30}},"24":{"start":{"line":25,"column":0},"end":{"line":25,"column":70}},"25":{"start":{"line":26,"column":0},"end":{"line":26,"column":42}},"26":{"start":{"line":27,"column":0},"end":{"line":27,"column":27}},"27":{"start":{"line":28,"column":0},"end":{"line":28,"column":26}},"28":{"start":{"line":29,"column":0},"end":{"line":29,"column":25}},"29":{"start":{"line":30,"column":0},"end":{"line":30,"column":27}},"31":{"start":{"line":32,"column":0},"end":{"line":32,"column":660}},"32":{"start":{"line":33,"column":0},"end":{"line":33,"column":12}},"35":{"start":{"line":36,"column":0},"end":{"line":36,"column":10}},"36":{"start":{"line":37,"column":0},"end":{"line":37,"column":31}},"37":{"start":{"line":38,"column":0},"end":{"line":38,"column":69}},"38":{"start":{"line":39,"column":0},"end":{"line":39,"column":42}},"39":{"start":{"line":40,"column":0},"end":{"line":40,"column":27}},"40":{"start":{"line":41,"column":0},"end":{"line":41,"column":26}},"41":{"start":{"line":42,"column":0},"end":{"line":42,"column":25}},"42":{"start":{"line":43,"column":0},"end":{"line":43,"column":27}},"44":{"start":{"line":45,"column":0},"end":{"line":45,"column":308}},"45":{"start":{"line":46,"column":0},"end":{"line":46,"column":12}},"46":{"start":{"line":47,"column":0},"end":{"line":47,"column":12}},"48":{"start":{"line":49,"column":0},"end":{"line":49,"column":2}}},"s":{"0":1,"2":1,"3":4,"5":4,"6":4,"7":4,"8":4,"9":4,"12":4,"13":4,"14":4,"15":4,"16":4,"17":4,"18":4,"19":4,"20":4,"22":4,"23":4,"24":4,"25":4,"26":4,"27":4,"28":4,"29":4,"31":4,"32":4,"35":4,"36":4,"37":4,"38":4,"39":4,"40":4,"41":4,"42":4,"44":4,"45":4,"46":4,"48":4},"branchMap":{"0":{"type":"branch","line":3,"loc":{"start":{"line":3,"column":29},"end":{"line":49,"column":2}},"locations":[{"start":{"line":3,"column":29},"end":{"line":49,"column":2}}]},"1":{"type":"branch","line":18,"loc":{"start":{"line":18,"column":18},"end":{"line":18,"column":43}},"locations":[{"start":{"line":18,"column":18},"end":{"line":18,"column":43}}]}},"b":{"0":[4],"1":[1]},"fnMap":{"0":{"name":"ThemeSwitcher","decl":{"start":{"line":3,"column":29},"end":{"line":49,"column":2}},"loc":{"start":{"line":3,"column":29},"end":{"line":49,"column":2}},"line":3},"1":{"name":"onChange","decl":{"start":{"line":18,"column":18},"end":{"line":18,"column":43}},"loc":{"start":{"line":18,"column":18},"end":{"line":18,"column":43}},"line":18}},"f":{"0":4,"1":1}}
,"/Users/komlev/projects/personal/checkquest/src/components/00-Atoms/ThemeSwitcher/useTheme.ts": {"path":"/Users/komlev/projects/personal/checkquest/src/components/00-Atoms/ThemeSwitcher/useTheme.ts","all":false,"statementMap":{"0":{"start":{"line":1,"column":0},"end":{"line":1,"column":44}},"2":{"start":{"line":3,"column":0},"end":{"line":3,"column":30}},"3":{"start":{"line":4,"column":0},"end":{"line":4,"column":7}},"4":{"start":{"line":5,"column":0},"end":{"line":5,"column":53}},"5":{"start":{"line":6,"column":0},"end":{"line":6,"column":18}},"6":{"start":{"line":7,"column":0},"end":{"line":7,"column":72}},"7":{"start":{"line":8,"column":0},"end":{"line":8,"column":3}},"8":{"start":{"line":9,"column":0},"end":{"line":9,"column":2}},"10":{"start":{"line":11,"column":0},"end":{"line":11,"column":31}},"11":{"start":{"line":12,"column":0},"end":{"line":12,"column":57}},"12":{"start":{"line":13,"column":0},"end":{"line":13,"column":19}},"13":{"start":{"line":14,"column":0},"end":{"line":14,"column":59}},"14":{"start":{"line":15,"column":0},"end":{"line":15,"column":15}},"16":{"start":{"line":17,"column":0},"end":{"line":17,"column":31}},"17":{"start":{"line":18,"column":0},"end":{"line":18,"column":2}}},"s":{"0":1,"2":1,"3":5,"4":5,"5":5,"6":1,"7":1,"8":5,"10":1,"11":5,"12":5,"13":5,"14":5,"16":5,"17":5},"branchMap":{"0":{"type":"branch","line":3,"loc":{"start":{"line":3,"column":23},"end":{"line":9,"column":2}},"locations":[{"start":{"line":3,"column":23},"end":{"line":9,"column":2}}]},"1":{"type":"branch","line":6,"loc":{"start":{"line":6,"column":2},"end":{"line":8,"column":3}},"locations":[{"start":{"line":6,"column":2},"end":{"line":8,"column":3}}]},"2":{"type":"branch","line":11,"loc":{"start":{"line":11,"column":24},"end":{"line":18,"column":2}},"locations":[{"start":{"line":11,"column":24},"end":{"line":18,"column":2}}]},"3":{"type":"branch","line":13,"loc":{"start":{"line":13,"column":12},"end":{"line":15,"column":5}},"locations":[{"start":{"line":13,"column":12},"end":{"line":15,"column":5}}]}},"b":{"0":[5],"1":[1],"2":[5],"3":[5]},"fnMap":{"0":{"name":"getIsDarkTheme","decl":{"start":{"line":3,"column":23},"end":{"line":9,"column":2}},"loc":{"start":{"line":3,"column":23},"end":{"line":9,"column":2}},"line":3},"1":{"name":"useTheme","decl":{"start":{"line":11,"column":24},"end":{"line":18,"column":2}},"loc":{"start":{"line":11,"column":24},"end":{"line":18,"column":2}},"line":11}},"f":{"0":5,"1":5}}
,"/Users/komlev/projects/personal/checkquest/src/components/00-Atoms/Tooltstrip/Toolstip.tsx": {"path":"/Users/komlev/projects/personal/checkquest/src/components/00-Atoms/Tooltstrip/Toolstip.tsx","all":true,"statementMap":{"0":{"start":{"line":1,"column":0},"end":{"line":1,"column":24}},"5":{"start":{"line":6,"column":0},"end":{"line":6,"column":48}},"6":{"start":{"line":7,"column":0},"end":{"line":7,"column":6}},"7":{"start":{"line":8,"column":0},"end":{"line":8,"column":14}},"8":{"start":{"line":9,"column":0},"end":{"line":9,"column":20}},"9":{"start":{"line":10,"column":0},"end":{"line":10,"column":83}},"10":{"start":{"line":11,"column":0},"end":{"line":11,"column":21}},"11":{"start":{"line":12,"column":0},"end":{"line":12,"column":6}},"13":{"start":{"line":14,"column":0},"end":{"line":14,"column":20}},"14":{"start":{"line":15,"column":0},"end":{"line":15,"column":8}}},"s":{"0":0,"5":0,"6":0,"7":0,"8":0,"9":0,"10":0,"11":0,"13":0,"14":0},"branchMap":{"0":{"type":"branch","line":1,"loc":{"start":{"line":1,"column":221},"end":{"line":16,"column":-64}},"locations":[{"start":{"line":1,"column":221},"end":{"line":16,"column":-64}}]}},"b":{"0":[0]},"fnMap":{"0":{"name":"(empty-report)","decl":{"start":{"line":1,"column":221},"end":{"line":16,"column":-64}},"loc":{"start":{"line":1,"column":221},"end":{"line":16,"column":-64}},"line":1}},"f":{"0":0}}
,"/Users/komlev/projects/personal/checkquest/src/components/00-Atoms/Typography/Typography.tsx": {"path":"/Users/komlev/projects/personal/checkquest/src/components/00-Atoms/Typography/Typography.tsx","all":true,"statementMap":{"0":{"start":{"line":1,"column":0},"end":{"line":1,"column":24}},"13":{"start":{"line":14,"column":0},"end":{"line":14,"column":71}},"14":{"start":{"line":15,"column":0},"end":{"line":15,"column":5}},"15":{"start":{"line":16,"column":0},"end":{"line":16,"column":14}},"16":{"start":{"line":17,"column":0},"end":{"line":17,"column":77}},"18":{"start":{"line":19,"column":0},"end":{"line":19,"column":14}},"19":{"start":{"line":20,"column":0},"end":{"line":20,"column":7}},"22":{"start":{"line":23,"column":0},"end":{"line":23,"column":71}},"23":{"start":{"line":24,"column":0},"end":{"line":24,"column":5}},"24":{"start":{"line":25,"column":0},"end":{"line":25,"column":14}},"25":{"start":{"line":26,"column":0},"end":{"line":26,"column":77}},"27":{"start":{"line":28,"column":0},"end":{"line":28,"column":14}},"28":{"start":{"line":29,"column":0},"end":{"line":29,"column":7}},"31":{"start":{"line":32,"column":0},"end":{"line":32,"column":71}},"32":{"start":{"line":33,"column":0},"end":{"line":33,"column":5}},"33":{"start":{"line":34,"column":0},"end":{"line":34,"column":14}},"34":{"start":{"line":35,"column":0},"end":{"line":35,"column":77}},"36":{"start":{"line":37,"column":0},"end":{"line":37,"column":14}},"37":{"start":{"line":38,"column":0},"end":{"line":38,"column":7}},"40":{"start":{"line":41,"column":0},"end":{"line":41,"column":71}},"41":{"start":{"line":42,"column":0},"end":{"line":42,"column":5}},"42":{"start":{"line":43,"column":0},"end":{"line":43,"column":14}},"43":{"start":{"line":44,"column":0},"end":{"line":44,"column":76}},"45":{"start":{"line":46,"column":0},"end":{"line":46,"column":14}},"46":{"start":{"line":47,"column":0},"end":{"line":47,"column":7}},"49":{"start":{"line":50,"column":0},"end":{"line":50,"column":77}},"50":{"start":{"line":51,"column":0},"end":{"line":51,"column":79}},"51":{"start":{"line":52,"column":0},"end":{"line":52,"column":14}},"52":{"start":{"line":53,"column":0},"end":{"line":53,"column":8}},"55":{"start":{"line":56,"column":0},"end":{"line":56,"column":70}},"56":{"start":{"line":57,"column":0},"end":{"line":57,"column":78}},"59":{"start":{"line":60,"column":0},"end":{"line":60,"column":73}},"60":{"start":{"line":61,"column":0},"end":{"line":61,"column":79}}},"s":{"0":0,"13":0,"14":0,"15":0,"16":0,"18":0,"19":0,"22":0,"23":0,"24":0,"25":0,"27":0,"28":0,"31":0,"32":0,"33":0,"34":0,"36":0,"37":0,"40":0,"41":0,"42":0,"43":0,"45":0,"46":0,"49":0,"50":0,"51":0,"52":0,"55":0,"56":0,"59":0,"60":0},"branchMap":{"0":{"type":"branch","line":1,"loc":{"start":{"line":1,"column":368},"end":{"line":62,"column":-822}},"locations":[{"start":{"line":1,"column":368},"end":{"line":62,"column":-822}}]}},"b":{"0":[0]},"fnMap":{"0":{"name":"(empty-report)","decl":{"start":{"line":1,"column":368},"end":{"line":62,"column":-822}},"loc":{"start":{"line":1,"column":368},"end":{"line":62,"column":-822}},"line":1}},"f":{"0":0}}
,"/Users/komlev/projects/personal/checkquest/src/components/00-Atoms/Typography/index.ts": {"path":"/Users/komlev/projects/personal/checkquest/src/components/00-Atoms/Typography/index.ts","all":true,"statementMap":{"0":{"start":{"line":1,"column":0},"end":{"line":1,"column":29}}},"s":{"0":0},"branchMap":{"0":{"type":"branch","line":1,"loc":{"start":{"line":1,"column":0},"end":{"line":1,"column":29}},"locations":[{"start":{"line":1,"column":0},"end":{"line":1,"column":29}}]}},"b":{"0":[0]},"fnMap":{"0":{"name":"(empty-report)","decl":{"start":{"line":1,"column":0},"end":{"line":1,"column":29}},"loc":{"start":{"line":1,"column":0},"end":{"line":1,"column":29}},"line":1}},"f":{"0":0}}
,"/Users/komlev/projects/personal/checkquest/src/components/01-Molecules/Hero/Hero.tsx": {"path":"/Users/komlev/projects/personal/checkquest/src/components/01-Molecules/Hero/Hero.tsx","all":true,"statementMap":{"0":{"start":{"line":1,"column":0},"end":{"line":1,"column":24}},"2":{"start":{"line":3,"column":0},"end":{"line":3,"column":30}},"3":{"start":{"line":4,"column":0},"end":{"line":4,"column":63}},"17":{"start":{"line":18,"column":0},"end":{"line":18,"column":33}},"18":{"start":{"line":19,"column":0},"end":{"line":19,"column":8}},"19":{"start":{"line":20,"column":0},"end":{"line":20,"column":11}},"20":{"start":{"line":21,"column":0},"end":{"line":21,"column":11}},"21":{"start":{"line":22,"column":0},"end":{"line":22,"column":10}},"22":{"start":{"line":23,"column":0},"end":{"line":23,"column":11}},"23":{"start":{"line":24,"column":0},"end":{"line":24,"column":9}},"24":{"start":{"line":25,"column":0},"end":{"line":25,"column":10}},"25":{"start":{"line":26,"column":0},"end":{"line":26,"column":7}},"26":{"start":{"line":27,"column":0},"end":{"line":27,"column":32}},"27":{"start":{"line":28,"column":0},"end":{"line":28,"column":10}},"28":{"start":{"line":29,"column":0},"end":{"line":29,"column":89}},"29":{"start":{"line":30,"column":0},"end":{"line":30,"column":54}},"30":{"start":{"line":31,"column":0},"end":{"line":31,"column":34}},"31":{"start":{"line":32,"column":0},"end":{"line":32,"column":59}},"32":{"start":{"line":33,"column":0},"end":{"line":33,"column":58}},"33":{"start":{"line":34,"column":0},"end":{"line":34,"column":22}},"34":{"start":{"line":35,"column":0},"end":{"line":35,"column":14}},"35":{"start":{"line":36,"column":0},"end":{"line":36,"column":28}},"36":{"start":{"line":37,"column":0},"end":{"line":37,"column":77}},"37":{"start":{"line":38,"column":0},"end":{"line":38,"column":26}},"38":{"start":{"line":39,"column":0},"end":{"line":39,"column":23}},"40":{"start":{"line":41,"column":0},"end":{"line":41,"column":27}},"41":{"start":{"line":42,"column":0},"end":{"line":42,"column":23}},"42":{"start":{"line":43,"column":0},"end":{"line":43,"column":25}},"43":{"start":{"line":44,"column":0},"end":{"line":44,"column":35}},"44":{"start":{"line":45,"column":0},"end":{"line":45,"column":50}},"46":{"start":{"line":47,"column":0},"end":{"line":47,"column":26}},"47":{"start":{"line":48,"column":0},"end":{"line":48,"column":25}},"49":{"start":{"line":50,"column":0},"end":{"line":50,"column":15}},"51":{"start":{"line":52,"column":0},"end":{"line":52,"column":14}},"52":{"start":{"line":53,"column":0},"end":{"line":53,"column":12}},"53":{"start":{"line":54,"column":0},"end":{"line":54,"column":10}},"55":{"start":{"line":56,"column":0},"end":{"line":56,"column":2}}},"s":{"0":0,"2":0,"3":0,"17":0,"18":0,"19":0,"20":0,"21":0,"22":0,"23":0,"24":0,"25":0,"26":0,"27":0,"28":0,"29":0,"30":0,"31":0,"32":0,"33":0,"34":0,"35":0,"36":0,"37":0,"38":0,"40":0,"41":0,"42":0,"43":0,"44":0,"46":0,"47":0,"49":0,"51":0,"52":0,"53":0,"55":0},"branchMap":{"0":{"type":"branch","line":1,"loc":{"start":{"line":1,"column":782},"end":{"line":56,"column":-587}},"locations":[{"start":{"line":1,"column":782},"end":{"line":56,"column":-587}}]}},"b":{"0":[0]},"fnMap":{"0":{"name":"(empty-report)","decl":{"start":{"line":1,"column":782},"end":{"line":56,"column":-587}},"loc":{"start":{"line":1,"column":782},"end":{"line":56,"column":-587}},"line":1}},"f":{"0":0}}
,"/Users/komlev/projects/personal/checkquest/src/components/01-Molecules/Page/Page.tsx": {"path":"/Users/komlev/projects/personal/checkquest/src/components/01-Molecules/Page/Page.tsx","all":true,"statementMap":{"0":{"start":{"line":1,"column":0},"end":{"line":1,"column":24}},"2":{"start":{"line":3,"column":0},"end":{"line":3,"column":63}},"11":{"start":{"line":12,"column":0},"end":{"line":12,"column":60}},"12":{"start":{"line":13,"column":0},"end":{"line":13,"column":66}},"13":{"start":{"line":14,"column":0},"end":{"line":14,"column":14}},"14":{"start":{"line":15,"column":0},"end":{"line":15,"column":14}}},"s":{"0":0,"2":0,"11":0,"12":0,"13":0,"14":0},"branchMap":{"0":{"type":"branch","line":1,"loc":{"start":{"line":1,"column":343},"end":{"line":16,"column":-94}},"locations":[{"start":{"line":1,"column":343},"end":{"line":16,"column":-94}}]}},"b":{"0":[0]},"fnMap":{"0":{"name":"(empty-report)","decl":{"start":{"line":1,"column":343},"end":{"line":16,"column":-94}},"loc":{"start":{"line":1,"column":343},"end":{"line":16,"column":-94}},"line":1}},"f":{"0":0}}
,"/Users/komlev/projects/personal/checkquest/src/components/01-Molecules/Search/Search.tsx": {"path":"/Users/komlev/projects/personal/checkquest/src/components/01-Molecules/Search/Search.tsx","all":true,"statementMap":{"0":{"start":{"line":1,"column":0},"end":{"line":1,"column":24}},"2":{"start":{"line":3,"column":0},"end":{"line":3,"column":61}},"12":{"start":{"line":13,"column":0},"end":{"line":13,"column":76}},"13":{"start":{"line":14,"column":0},"end":{"line":14,"column":68}},"14":{"start":{"line":15,"column":0},"end":{"line":15,"column":15}},"15":{"start":{"line":16,"column":0},"end":{"line":16,"column":16}},"16":{"start":{"line":17,"column":0},"end":{"line":17,"column":41}},"17":{"start":{"line":18,"column":0},"end":{"line":18,"column":24}},"18":{"start":{"line":19,"column":0},"end":{"line":19,"column":25}},"19":{"start":{"line":20,"column":0},"end":{"line":20,"column":6}},"20":{"start":{"line":21,"column":0},"end":{"line":21,"column":10}},"21":{"start":{"line":22,"column":0},"end":{"line":22,"column":13}},"22":{"start":{"line":23,"column":0},"end":{"line":23,"column":27}},"23":{"start":{"line":24,"column":0},"end":{"line":24,"column":19}},"24":{"start":{"line":25,"column":0},"end":{"line":25,"column":26}},"25":{"start":{"line":26,"column":0},"end":{"line":26,"column":16}},"26":{"start":{"line":27,"column":0},"end":{"line":27,"column":47}},"27":{"start":{"line":28,"column":0},"end":{"line":28,"column":6}},"28":{"start":{"line":29,"column":0},"end":{"line":29,"column":71}},"30":{"start":{"line":31,"column":0},"end":{"line":31,"column":10}},"31":{"start":{"line":32,"column":0},"end":{"line":32,"column":10}}},"s":{"0":0,"2":0,"12":0,"13":0,"14":0,"15":0,"16":0,"17":0,"18":0,"19":0,"20":0,"21":0,"22":0,"23":0,"24":0,"25":0,"26":0,"27":0,"28":0,"30":0,"31":0},"branchMap":{"0":{"type":"branch","line":1,"loc":{"start":{"line":1,"column":453},"end":{"line":33,"column":-402}},"locations":[{"start":{"line":1,"column":453},"end":{"line":33,"column":-402}}]}},"b":{"0":[0]},"fnMap":{"0":{"name":"(empty-report)","decl":{"start":{"line":1,"column":453},"end":{"line":33,"column":-402}},"loc":{"start":{"line":1,"column":453},"end":{"line":33,"column":-402}},"line":1}},"f":{"0":0}}
,"/Users/komlev/projects/personal/checkquest/src/components/01-Molecules/SectionCard/SectionCard.tsx": {"path":"/Users/komlev/projects/personal/checkquest/src/components/01-Molecules/SectionCard/SectionCard.tsx","all":true,"statementMap":{"2":{"start":{"line":3,"column":0},"end":{"line":3,"column":78}},"3":{"start":{"line":4,"column":0},"end":{"line":4,"column":48}},"4":{"start":{"line":5,"column":0},"end":{"line":5,"column":63}},"5":{"start":{"line":6,"column":0},"end":{"line":6,"column":24}},"13":{"start":{"line":14,"column":0},"end":{"line":14,"column":51}},"14":{"start":{"line":15,"column":0},"end":{"line":15,"column":10}},"15":{"start":{"line":16,"column":0},"end":{"line":16,"column":15}},"16":{"start":{"line":17,"column":0},"end":{"line":17,"column":7}},"17":{"start":{"line":18,"column":0},"end":{"line":18,"column":105}},"18":{"start":{"line":19,"column":0},"end":{"line":19,"column":31}},"19":{"start":{"line":20,"column":0},"end":{"line":20,"column":56}},"20":{"start":{"line":21,"column":0},"end":{"line":21,"column":13}},"21":{"start":{"line":22,"column":0},"end":{"line":22,"column":65}},"22":{"start":{"line":23,"column":0},"end":{"line":23,"column":27}},"23":{"start":{"line":24,"column":0},"end":{"line":24,"column":17}},"24":{"start":{"line":25,"column":0},"end":{"line":25,"column":56}},"25":{"start":{"line":26,"column":0},"end":{"line":26,"column":48}},"26":{"start":{"line":27,"column":0},"end":{"line":27,"column":16}},"27":{"start":{"line":28,"column":0},"end":{"line":28,"column":14}},"28":{"start":{"line":29,"column":0},"end":{"line":29,"column":73}},"29":{"start":{"line":30,"column":0},"end":{"line":30,"column":41}},"30":{"start":{"line":31,"column":0},"end":{"line":31,"column":15}},"31":{"start":{"line":32,"column":0},"end":{"line":32,"column":12}},"32":{"start":{"line":33,"column":0},"end":{"line":33,"column":31}},"33":{"start":{"line":34,"column":0},"end":{"line":34,"column":41}},"34":{"start":{"line":35,"column":0},"end":{"line":35,"column":46}},"36":{"start":{"line":37,"column":0},"end":{"line":37,"column":18}},"38":{"start":{"line":39,"column":0},"end":{"line":39,"column":95}},"39":{"start":{"line":40,"column":0},"end":{"line":40,"column":63}},"40":{"start":{"line":41,"column":0},"end":{"line":41,"column":15}},"41":{"start":{"line":42,"column":0},"end":{"line":42,"column":31}},"42":{"start":{"line":43,"column":0},"end":{"line":43,"column":30}},"43":{"start":{"line":44,"column":0},"end":{"line":44,"column":138}},"44":{"start":{"line":45,"column":0},"end":{"line":45,"column":68}},"45":{"start":{"line":46,"column":0},"end":{"line":46,"column":16}},"47":{"start":{"line":48,"column":0},"end":{"line":48,"column":55}},"48":{"start":{"line":49,"column":0},"end":{"line":49,"column":54}},"49":{"start":{"line":50,"column":0},"end":{"line":50,"column":65}},"50":{"start":{"line":51,"column":0},"end":{"line":51,"column":23}},"51":{"start":{"line":52,"column":0},"end":{"line":52,"column":64}},"52":{"start":{"line":53,"column":0},"end":{"line":53,"column":36}},"53":{"start":{"line":54,"column":0},"end":{"line":54,"column":69}},"55":{"start":{"line":56,"column":0},"end":{"line":56,"column":25}},"57":{"start":{"line":58,"column":0},"end":{"line":58,"column":20}},"58":{"start":{"line":59,"column":0},"end":{"line":59,"column":77}},"59":{"start":{"line":60,"column":0},"end":{"line":60,"column":17}},"60":{"start":{"line":61,"column":0},"end":{"line":61,"column":13}},"61":{"start":{"line":62,"column":0},"end":{"line":62,"column":13}},"63":{"start":{"line":64,"column":0},"end":{"line":64,"column":10}},"64":{"start":{"line":65,"column":0},"end":{"line":65,"column":8}}},"s":{"2":0,"3":0,"4":0,"5":0,"13":0,"14":0,"15":0,"16":0,"17":0,"18":0,"19":0,"20":0,"21":0,"22":0,"23":0,"24":0,"25":0,"26":0,"27":0,"28":0,"29":0,"30":0,"31":0,"32":0,"33":0,"34":0,"36":0,"38":0,"39":0,"40":0,"41":0,"42":0,"43":0,"44":0,"45":0,"47":0,"48":0,"49":0,"50":0,"51":0,"52":0,"53":0,"55":0,"57":0,"58":0,"59":0,"60":0,"61":0,"63":0,"64":0},"branchMap":{"0":{"type":"branch","line":1,"loc":{"start":{"line":1,"column":709},"end":{"line":66,"column":-1423}},"locations":[{"start":{"line":1,"column":709},"end":{"line":66,"column":-1423}}]}},"b":{"0":[1]},"fnMap":{"0":{"name":"(empty-report)","decl":{"start":{"line":1,"column":709},"end":{"line":66,"column":-1423}},"loc":{"start":{"line":1,"column":709},"end":{"line":66,"column":-1423}},"line":1}},"f":{"0":1}}
,"/Users/komlev/projects/personal/checkquest/src/components/02-Organisms/Breadcrumbs/Breadcrumbs.tsx": {"path":"/Users/komlev/projects/personal/checkquest/src/components/02-Organisms/Breadcrumbs/Breadcrumbs.tsx","all":true,"statementMap":{"0":{"start":{"line":1,"column":0},"end":{"line":1,"column":43}},"1":{"start":{"line":2,"column":0},"end":{"line":2,"column":8}},"8":{"start":{"line":9,"column":0},"end":{"line":9,"column":24}},"14":{"start":{"line":15,"column":0},"end":{"line":15,"column":50}},"15":{"start":{"line":16,"column":0},"end":{"line":16,"column":32}},"16":{"start":{"line":17,"column":0},"end":{"line":17,"column":55}},"17":{"start":{"line":18,"column":0},"end":{"line":18,"column":56}},"19":{"start":{"line":20,"column":0},"end":{"line":20,"column":39}},"20":{"start":{"line":21,"column":0},"end":{"line":21,"column":41}},"22":{"start":{"line":23,"column":0},"end":{"line":23,"column":18}},"23":{"start":{"line":24,"column":0},"end":{"line":24,"column":63}},"24":{"start":{"line":25,"column":0},"end":{"line":25,"column":34}},"26":{"start":{"line":27,"column":0},"end":{"line":27,"column":10}},"27":{"start":{"line":28,"column":0},"end":{"line":28,"column":8}},"28":{"start":{"line":29,"column":0},"end":{"line":29,"column":78}},"30":{"start":{"line":31,"column":0},"end":{"line":31,"column":10}},"31":{"start":{"line":32,"column":0},"end":{"line":32,"column":25}},"32":{"start":{"line":33,"column":0},"end":{"line":33,"column":14}},"33":{"start":{"line":34,"column":0},"end":{"line":34,"column":78}},"35":{"start":{"line":36,"column":0},"end":{"line":36,"column":19}},"36":{"start":{"line":37,"column":0},"end":{"line":37,"column":15}},"38":{"start":{"line":39,"column":0},"end":{"line":39,"column":26}},"39":{"start":{"line":40,"column":0},"end":{"line":40,"column":14}},"40":{"start":{"line":41,"column":0},"end":{"line":41,"column":78}},"42":{"start":{"line":43,"column":0},"end":{"line":43,"column":19}},"43":{"start":{"line":44,"column":0},"end":{"line":44,"column":15}},"45":{"start":{"line":46,"column":0},"end":{"line":46,"column":26}},"46":{"start":{"line":47,"column":0},"end":{"line":47,"column":14}},"47":{"start":{"line":48,"column":0},"end":{"line":48,"column":29}},"48":{"start":{"line":49,"column":0},"end":{"line":49,"column":19}},"49":{"start":{"line":50,"column":0},"end":{"line":50,"column":55}},"50":{"start":{"line":51,"column":0},"end":{"line":51,"column":41}},"51":{"start":{"line":52,"column":0},"end":{"line":52,"column":15}},"53":{"start":{"line":54,"column":0},"end":{"line":54,"column":21}},"55":{"start":{"line":56,"column":0},"end":{"line":56,"column":30}},"56":{"start":{"line":57,"column":0},"end":{"line":57,"column":19}},"57":{"start":{"line":58,"column":0},"end":{"line":58,"column":55}},"58":{"start":{"line":59,"column":0},"end":{"line":59,"column":41}},"59":{"start":{"line":60,"column":0},"end":{"line":60,"column":15}},"61":{"start":{"line":62,"column":0},"end":{"line":62,"column":21}},"63":{"start":{"line":64,"column":0},"end":{"line":64,"column":15}},"65":{"start":{"line":66,"column":0},"end":{"line":66,"column":19}},"66":{"start":{"line":67,"column":0},"end":{"line":67,"column":14}},"67":{"start":{"line":68,"column":0},"end":{"line":68,"column":31}},"68":{"start":{"line":69,"column":0},"end":{"line":69,"column":15}},"70":{"start":{"line":71,"column":0},"end":{"line":71,"column":20}},"71":{"start":{"line":72,"column":0},"end":{"line":72,"column":14}},"72":{"start":{"line":73,"column":0},"end":{"line":73,"column":29}},"73":{"start":{"line":74,"column":0},"end":{"line":74,"column":15}},"75":{"start":{"line":76,"column":0},"end":{"line":76,"column":11}},"76":{"start":{"line":77,"column":0},"end":{"line":77,"column":10}},"78":{"start":{"line":79,"column":0},"end":{"line":79,"column":2}}},"s":{"0":0,"1":0,"8":0,"14":0,"15":0,"16":0,"17":0,"19":0,"20":0,"22":0,"23":0,"24":0,"26":0,"27":0,"28":0,"30":0,"31":0,"32":0,"33":0,"35":0,"36":0,"38":0,"39":0,"40":0,"42":0,"43":0,"45":0,"46":0,"47":0,"48":0,"49":0,"50":0,"51":0,"53":0,"55":0,"56":0,"57":0,"58":0,"59":0,"61":0,"63":0,"65":0,"66":0,"67":0,"68":0,"70":0,"71":0,"72":0,"73":0,"75":0,"76":0,"78":0},"branchMap":{"0":{"type":"branch","line":1,"loc":{"start":{"line":1,"column":819},"end":{"line":79,"column":-1082}},"locations":[{"start":{"line":1,"column":819},"end":{"line":79,"column":-1082}}]}},"b":{"0":[0]},"fnMap":{"0":{"name":"(empty-report)","decl":{"start":{"line":1,"column":819},"end":{"line":79,"column":-1082}},"loc":{"start":{"line":1,"column":819},"end":{"line":79,"column":-1082}},"line":1}},"f":{"0":0}}
,"/Users/komlev/projects/personal/checkquest/src/components/02-Organisms/ChecklistGrid/ChecklistGrid.tsx": {"path":"/Users/komlev/projects/personal/checkquest/src/components/02-Organisms/ChecklistGrid/ChecklistGrid.tsx","all":true,"statementMap":{"0":{"start":{"line":1,"column":0},"end":{"line":1,"column":24}},"3":{"start":{"line":4,"column":0},"end":{"line":4,"column":70}},"4":{"start":{"line":5,"column":0},"end":{"line":5,"column":73}},"11":{"start":{"line":12,"column":0},"end":{"line":12,"column":55}},"12":{"start":{"line":13,"column":0},"end":{"line":13,"column":16}},"13":{"start":{"line":14,"column":0},"end":{"line":14,"column":17}},"14":{"start":{"line":15,"column":0},"end":{"line":15,"column":7}},"15":{"start":{"line":16,"column":0},"end":{"line":16,"column":30}},"16":{"start":{"line":17,"column":0},"end":{"line":17,"column":12}},"17":{"start":{"line":18,"column":0},"end":{"line":18,"column":50}},"18":{"start":{"line":19,"column":0},"end":{"line":19,"column":60}},"19":{"start":{"line":20,"column":0},"end":{"line":20,"column":43}},"21":{"start":{"line":22,"column":0},"end":{"line":22,"column":21}},"22":{"start":{"line":23,"column":0},"end":{"line":23,"column":67}},"23":{"start":{"line":24,"column":0},"end":{"line":24,"column":14}},"24":{"start":{"line":25,"column":0},"end":{"line":25,"column":12}},"26":{"start":{"line":27,"column":0},"end":{"line":27,"column":3}},"28":{"start":{"line":29,"column":0},"end":{"line":29,"column":10}},"29":{"start":{"line":30,"column":0},"end":{"line":30,"column":8}},"30":{"start":{"line":31,"column":0},"end":{"line":31,"column":22}},"31":{"start":{"line":32,"column":0},"end":{"line":32,"column":63}},"32":{"start":{"line":33,"column":0},"end":{"line":33,"column":17}},"33":{"start":{"line":34,"column":0},"end":{"line":34,"column":8}},"35":{"start":{"line":36,"column":0},"end":{"line":36,"column":48}},"36":{"start":{"line":37,"column":0},"end":{"line":37,"column":20}},"37":{"start":{"line":38,"column":0},"end":{"line":38,"column":26}},"38":{"start":{"line":39,"column":0},"end":{"line":39,"column":27}},"39":{"start":{"line":40,"column":0},"end":{"line":40,"column":37}},"40":{"start":{"line":41,"column":0},"end":{"line":41,"column":10}},"41":{"start":{"line":42,"column":0},"end":{"line":42,"column":9}},"42":{"start":{"line":43,"column":0},"end":{"line":43,"column":10}},"44":{"start":{"line":45,"column":0},"end":{"line":45,"column":2}}},"s":{"0":0,"3":0,"4":0,"11":0,"12":0,"13":0,"14":0,"15":0,"16":0,"17":0,"18":0,"19":0,"21":0,"22":0,"23":0,"24":0,"26":0,"28":0,"29":0,"30":0,"31":0,"32":0,"33":0,"35":0,"36":0,"37":0,"38":0,"39":0,"40":0,"41":0,"42":0,"44":0},"branchMap":{"0":{"type":"branch","line":1,"loc":{"start":{"line":1,"column":586},"end":{"line":45,"column":-545}},"locations":[{"start":{"line":1,"column":586},"end":{"line":45,"column":-545}}]}},"b":{"0":[0]},"fnMap":{"0":{"name":"(empty-report)","decl":{"start":{"line":1,"column":586},"end":{"line":45,"column":-545}},"loc":{"start":{"line":1,"column":586},"end":{"line":45,"column":-545}},"line":1}},"f":{"0":0}}
,"/Users/komlev/projects/personal/checkquest/src/components/02-Organisms/ChecklistList/ChecklistList.tsx": {"path":"/Users/komlev/projects/personal/checkquest/src/components/02-Organisms/ChecklistList/ChecklistList.tsx","all":true,"statementMap":{"0":{"start":{"line":1,"column":0},"end":{"line":1,"column":45}},"1":{"start":{"line":2,"column":0},"end":{"line":2,"column":44}},"2":{"start":{"line":3,"column":0},"end":{"line":3,"column":33}},"3":{"start":{"line":4,"column":0},"end":{"line":4,"column":30}},"4":{"start":{"line":5,"column":0},"end":{"line":5,"column":73}},"5":{"start":{"line":6,"column":0},"end":{"line":6,"column":8}},"10":{"start":{"line":11,"column":0},"end":{"line":11,"column":68}},"11":{"start":{"line":12,"column":0},"end":{"line":12,"column":57}},"12":{"start":{"line":13,"column":0},"end":{"line":13,"column":59}},"13":{"start":{"line":14,"column":0},"end":{"line":14,"column":59}},"14":{"start":{"line":15,"column":0},"end":{"line":15,"column":58}},"15":{"start":{"line":16,"column":0},"end":{"line":16,"column":47}},"16":{"start":{"line":17,"column":0},"end":{"line":17,"column":66}},"17":{"start":{"line":18,"column":0},"end":{"line":18,"column":57}},"18":{"start":{"line":19,"column":0},"end":{"line":19,"column":80}},"19":{"start":{"line":20,"column":0},"end":{"line":20,"column":67}},"20":{"start":{"line":21,"column":0},"end":{"line":21,"column":67}},"22":{"start":{"line":23,"column":0},"end":{"line":23,"column":25}},"23":{"start":{"line":24,"column":0},"end":{"line":24,"column":73}},"24":{"start":{"line":25,"column":0},"end":{"line":25,"column":75}},"25":{"start":{"line":26,"column":0},"end":{"line":26,"column":2}},"27":{"start":{"line":28,"column":0},"end":{"line":28,"column":36}},"28":{"start":{"line":29,"column":0},"end":{"line":29,"column":35}},"29":{"start":{"line":30,"column":0},"end":{"line":30,"column":41}},"31":{"start":{"line":32,"column":0},"end":{"line":32,"column":59}},"32":{"start":{"line":33,"column":0},"end":{"line":33,"column":61}},"33":{"start":{"line":34,"column":0},"end":{"line":34,"column":9}},"34":{"start":{"line":35,"column":0},"end":{"line":35,"column":26}},"35":{"start":{"line":36,"column":0},"end":{"line":36,"column":28}},"36":{"start":{"line":37,"column":0},"end":{"line":37,"column":26}},"37":{"start":{"line":38,"column":0},"end":{"line":38,"column":10}},"38":{"start":{"line":39,"column":0},"end":{"line":39,"column":12}},"39":{"start":{"line":40,"column":0},"end":{"line":40,"column":14}},"40":{"start":{"line":41,"column":0},"end":{"line":41,"column":16}},"41":{"start":{"line":42,"column":0},"end":{"line":42,"column":15}},"42":{"start":{"line":43,"column":0},"end":{"line":43,"column":24}},"44":{"start":{"line":45,"column":0},"end":{"line":45,"column":40}},"46":{"start":{"line":47,"column":0},"end":{"line":47,"column":36}},"47":{"start":{"line":48,"column":0},"end":{"line":48,"column":19}},"48":{"start":{"line":49,"column":0},"end":{"line":49,"column":32}},"49":{"start":{"line":50,"column":0},"end":{"line":50,"column":65}},"50":{"start":{"line":51,"column":0},"end":{"line":51,"column":43}},"51":{"start":{"line":52,"column":0},"end":{"line":52,"column":7}},"52":{"start":{"line":53,"column":0},"end":{"line":53,"column":4}},"54":{"start":{"line":55,"column":0},"end":{"line":55,"column":50}},"55":{"start":{"line":56,"column":0},"end":{"line":56,"column":36}},"56":{"start":{"line":57,"column":0},"end":{"line":57,"column":13}},"57":{"start":{"line":58,"column":0},"end":{"line":58,"column":4}},"59":{"start":{"line":60,"column":0},"end":{"line":60,"column":10}},"60":{"start":{"line":61,"column":0},"end":{"line":61,"column":41}},"61":{"start":{"line":62,"column":0},"end":{"line":62,"column":13}},"62":{"start":{"line":63,"column":0},"end":{"line":63,"column":29}},"63":{"start":{"line":64,"column":0},"end":{"line":64,"column":22}},"64":{"start":{"line":65,"column":0},"end":{"line":65,"column":43}},"65":{"start":{"line":66,"column":0},"end":{"line":66,"column":26}},"66":{"start":{"line":67,"column":0},"end":{"line":67,"column":38}},"67":{"start":{"line":68,"column":0},"end":{"line":68,"column":10}},"68":{"start":{"line":69,"column":0},"end":{"line":69,"column":8}},"69":{"start":{"line":70,"column":0},"end":{"line":70,"column":8}},"70":{"start":{"line":71,"column":0},"end":{"line":71,"column":63}},"71":{"start":{"line":72,"column":0},"end":{"line":72,"column":68}},"72":{"start":{"line":73,"column":0},"end":{"line":73,"column":30}},"73":{"start":{"line":74,"column":0},"end":{"line":74,"column":38}},"74":{"start":{"line":75,"column":0},"end":{"line":75,"column":42}},"75":{"start":{"line":76,"column":0},"end":{"line":76,"column":15}},"76":{"start":{"line":77,"column":0},"end":{"line":77,"column":42}},"77":{"start":{"line":78,"column":0},"end":{"line":78,"column":56}},"78":{"start":{"line":79,"column":0},"end":{"line":79,"column":78}},"79":{"start":{"line":80,"column":0},"end":{"line":80,"column":20}},"80":{"start":{"line":81,"column":0},"end":{"line":81,"column":36}},"81":{"start":{"line":82,"column":0},"end":{"line":82,"column":37}},"82":{"start":{"line":83,"column":0},"end":{"line":83,"column":72}},"84":{"start":{"line":85,"column":0},"end":{"line":85,"column":39}},"85":{"start":{"line":86,"column":0},"end":{"line":86,"column":22}},"86":{"start":{"line":87,"column":0},"end":{"line":87,"column":21}},"87":{"start":{"line":88,"column":0},"end":{"line":88,"column":19}},"88":{"start":{"line":89,"column":0},"end":{"line":89,"column":45}},"89":{"start":{"line":90,"column":0},"end":{"line":90,"column":23}},"90":{"start":{"line":91,"column":0},"end":{"line":91,"column":41}},"91":{"start":{"line":92,"column":0},"end":{"line":92,"column":55}},"93":{"start":{"line":94,"column":0},"end":{"line":94,"column":36}},"94":{"start":{"line":95,"column":0},"end":{"line":95,"column":25}},"95":{"start":{"line":96,"column":0},"end":{"line":96,"column":22}},"96":{"start":{"line":97,"column":0},"end":{"line":97,"column":87}},"97":{"start":{"line":98,"column":0},"end":{"line":98,"column":79}},"98":{"start":{"line":99,"column":0},"end":{"line":99,"column":23}},"99":{"start":{"line":100,"column":0},"end":{"line":100,"column":76}},"100":{"start":{"line":101,"column":0},"end":{"line":101,"column":24}},"101":{"start":{"line":102,"column":0},"end":{"line":102,"column":22}},"102":{"start":{"line":103,"column":0},"end":{"line":103,"column":20}},"103":{"start":{"line":104,"column":0},"end":{"line":104,"column":42}},"104":{"start":{"line":105,"column":0},"end":{"line":105,"column":23}},"105":{"start":{"line":106,"column":0},"end":{"line":106,"column":60}},"106":{"start":{"line":107,"column":0},"end":{"line":107,"column":41}},"107":{"start":{"line":108,"column":0},"end":{"line":108,"column":46}},"108":{"start":{"line":109,"column":0},"end":{"line":109,"column":54}},"109":{"start":{"line":110,"column":0},"end":{"line":110,"column":57}},"111":{"start":{"line":112,"column":0},"end":{"line":112,"column":28}},"112":{"start":{"line":113,"column":0},"end":{"line":113,"column":44}},"113":{"start":{"line":114,"column":0},"end":{"line":114,"column":30}},"114":{"start":{"line":115,"column":0},"end":{"line":115,"column":38}},"115":{"start":{"line":116,"column":0},"end":{"line":116,"column":39}},"116":{"start":{"line":117,"column":0},"end":{"line":117,"column":20}},"117":{"start":{"line":118,"column":0},"end":{"line":118,"column":25}},"118":{"start":{"line":119,"column":0},"end":{"line":119,"column":23}},"119":{"start":{"line":120,"column":0},"end":{"line":120,"column":59}},"120":{"start":{"line":121,"column":0},"end":{"line":121,"column":40}},"121":{"start":{"line":122,"column":0},"end":{"line":122,"column":45}},"122":{"start":{"line":123,"column":0},"end":{"line":123,"column":54}},"123":{"start":{"line":124,"column":0},"end":{"line":124,"column":51}},"125":{"start":{"line":126,"column":0},"end":{"line":126,"column":32}},"126":{"start":{"line":127,"column":0},"end":{"line":127,"column":44}},"127":{"start":{"line":128,"column":0},"end":{"line":128,"column":30}},"128":{"start":{"line":129,"column":0},"end":{"line":129,"column":38}},"129":{"start":{"line":130,"column":0},"end":{"line":130,"column":39}},"130":{"start":{"line":131,"column":0},"end":{"line":131,"column":20}},"131":{"start":{"line":132,"column":0},"end":{"line":132,"column":25}},"132":{"start":{"line":133,"column":0},"end":{"line":133,"column":21}},"133":{"start":{"line":134,"column":0},"end":{"line":134,"column":59}},"134":{"start":{"line":135,"column":0},"end":{"line":135,"column":57}},"135":{"start":{"line":136,"column":0},"end":{"line":136,"column":54}},"136":{"start":{"line":137,"column":0},"end":{"line":137,"column":40}},"137":{"start":{"line":138,"column":0},"end":{"line":138,"column":45}},"139":{"start":{"line":140,"column":0},"end":{"line":140,"column":27}},"140":{"start":{"line":141,"column":0},"end":{"line":141,"column":44}},"141":{"start":{"line":142,"column":0},"end":{"line":142,"column":30}},"142":{"start":{"line":143,"column":0},"end":{"line":143,"column":38}},"143":{"start":{"line":144,"column":0},"end":{"line":144,"column":39}},"144":{"start":{"line":145,"column":0},"end":{"line":145,"column":20}},"145":{"start":{"line":146,"column":0},"end":{"line":146,"column":23}},"146":{"start":{"line":147,"column":0},"end":{"line":147,"column":23}},"147":{"start":{"line":148,"column":0},"end":{"line":148,"column":61}},"148":{"start":{"line":149,"column":0},"end":{"line":149,"column":54}},"149":{"start":{"line":150,"column":0},"end":{"line":150,"column":56}},"150":{"start":{"line":151,"column":0},"end":{"line":151,"column":42}},"151":{"start":{"line":152,"column":0},"end":{"line":152,"column":47}},"153":{"start":{"line":154,"column":0},"end":{"line":154,"column":28}},"154":{"start":{"line":155,"column":0},"end":{"line":155,"column":55}},"155":{"start":{"line":156,"column":0},"end":{"line":156,"column":30}},"156":{"start":{"line":157,"column":0},"end":{"line":157,"column":38}},"157":{"start":{"line":158,"column":0},"end":{"line":158,"column":39}},"158":{"start":{"line":159,"column":0},"end":{"line":159,"column":20}},"159":{"start":{"line":160,"column":0},"end":{"line":160,"column":25}},"160":{"start":{"line":161,"column":0},"end":{"line":161,"column":20}},"161":{"start":{"line":162,"column":0},"end":{"line":162,"column":17}},"162":{"start":{"line":163,"column":0},"end":{"line":163,"column":13}},"163":{"start":{"line":164,"column":0},"end":{"line":164,"column":13}},"164":{"start":{"line":165,"column":0},"end":{"line":165,"column":26}},"165":{"start":{"line":166,"column":0},"end":{"line":166,"column":25}},"166":{"start":{"line":167,"column":0},"end":{"line":167,"column":27}},"167":{"start":{"line":168,"column":0},"end":{"line":168,"column":41}},"168":{"start":{"line":169,"column":0},"end":{"line":169,"column":10}},"169":{"start":{"line":170,"column":0},"end":{"line":170,"column":21}},"170":{"start":{"line":171,"column":0},"end":{"line":171,"column":32}},"171":{"start":{"line":172,"column":0},"end":{"line":172,"column":34}},"172":{"start":{"line":173,"column":0},"end":{"line":173,"column":31}},"173":{"start":{"line":174,"column":0},"end":{"line":174,"column":23}},"174":{"start":{"line":175,"column":0},"end":{"line":175,"column":27}},"175":{"start":{"line":176,"column":0},"end":{"line":176,"column":35}},"176":{"start":{"line":177,"column":0},"end":{"line":177,"column":33}},"177":{"start":{"line":178,"column":0},"end":{"line":178,"column":10}},"178":{"start":{"line":179,"column":0},"end":{"line":179,"column":9}},"179":{"start":{"line":180,"column":0},"end":{"line":180,"column":10}},"181":{"start":{"line":182,"column":0},"end":{"line":182,"column":2}}},"s":{"0":0,"1":0,"2":0,"3":0,"4":0,"5":0,"10":0,"11":0,"12":0,"13":0,"14":0,"15":0,"16":0,"17":0,"18":0,"19":0,"20":0,"22":0,"23":0,"24":0,"25":0,"27":0,"28":0,"29":0,"31":0,"32":0,"33":0,"34":0,"35":0,"36":0,"37":0,"38":0,"39":0,"40":0,"41":0,"42":0,"44":0,"46":0,"47":0,"48":0,"49":0,"50":0,"51":0,"52":0,"54":0,"55":0,"56":0,"57":0,"59":0,"60":0,"61":0,"62":0,"63":0,"64":0,"65":0,"66":0,"67":0,"68":0,"69":0,"70":0,"71":0,"72":0,"73":0,"74":0,"75":0,"76":0,"77":0,"78":0,"79":0,"80":0,"81":0,"82":0,"84":0,"85":0,"86":0,"87":0,"88":0,"89":0,"90":0,"91":0,"93":0,"94":0,"95":0,"96":0,"97":0,"98":0,"99":0,"100":0,"101":0,"102":0,"103":0,"104":0,"105":0,"106":0,"107":0,"108":0,"109":0,"111":0,"112":0,"113":0,"114":0,"115":0,"116":0,"117":0,"118":0,"119":0,"120":0,"121":0,"122":0,"123":0,"125":0,"126":0,"127":0,"128":0,"129":0,"130":0,"131":0,"132":0,"133":0,"134":0,"135":0,"136":0,"137":0,"139":0,"140":0,"141":0,"142":0,"143":0,"144":0,"145":0,"146":0,"147":0,"148":0,"149":0,"150":0,"151":0,"153":0,"154":0,"155":0,"156":0,"157":0,"158":0,"159":0,"160":0,"161":0,"162":0,"163":0,"164":0,"165":0,"166":0,"167":0,"168":0,"169":0,"170":0,"171":0,"172":0,"173":0,"174":0,"175":0,"176":0,"177":0,"178":0,"179":0,"181":0},"branchMap":{"0":{"type":"branch","line":1,"loc":{"start":{"line":1,"column":2092},"end":{"line":182,"column":-3212}},"locations":[{"start":{"line":1,"column":2092},"end":{"line":182,"column":-3212}}]}},"b":{"0":[0]},"fnMap":{"0":{"name":"(empty-report)","decl":{"start":{"line":1,"column":2092},"end":{"line":182,"column":-3212}},"loc":{"start":{"line":1,"column":2092},"end":{"line":182,"column":-3212}},"line":1}},"f":{"0":0}}
,"/Users/komlev/projects/personal/checkquest/src/components/02-Organisms/ConfirmModal/ConfirmModal.tsx": {"path":"/Users/komlev/projects/personal/checkquest/src/components/02-Organisms/ConfirmModal/ConfirmModal.tsx","all":true,"statementMap":{"1":{"start":{"line":2,"column":0},"end":{"line":2,"column":45}},"14":{"start":{"line":15,"column":0},"end":{"line":15,"column":46}},"15":{"start":{"line":16,"column":0},"end":{"line":16,"column":9}},"16":{"start":{"line":17,"column":0},"end":{"line":17,"column":10}},"17":{"start":{"line":18,"column":0},"end":{"line":18,"column":12}},"18":{"start":{"line":19,"column":0},"end":{"line":19,"column":8}},"19":{"start":{"line":20,"column":0},"end":{"line":20,"column":10}},"20":{"start":{"line":21,"column":0},"end":{"line":21,"column":26}},"21":{"start":{"line":22,"column":0},"end":{"line":22,"column":24}},"22":{"start":{"line":23,"column":0},"end":{"line":23,"column":17}},"23":{"start":{"line":24,"column":0},"end":{"line":24,"column":7}},"24":{"start":{"line":25,"column":0},"end":{"line":25,"column":32}},"25":{"start":{"line":26,"column":0},"end":{"line":26,"column":16}},"26":{"start":{"line":27,"column":0},"end":{"line":27,"column":14}},"27":{"start":{"line":28,"column":0},"end":{"line":28,"column":4}},"29":{"start":{"line":30,"column":0},"end":{"line":30,"column":10}},"30":{"start":{"line":31,"column":0},"end":{"line":31,"column":10}},"31":{"start":{"line":32,"column":0},"end":{"line":32,"column":21}},"32":{"start":{"line":33,"column":0},"end":{"line":33,"column":23}},"33":{"start":{"line":34,"column":0},"end":{"line":34,"column":19}},"34":{"start":{"line":35,"column":0},"end":{"line":35,"column":27}},"35":{"start":{"line":36,"column":0},"end":{"line":36,"column":14}},"36":{"start":{"line":37,"column":0},"end":{"line":37,"column":84}},"37":{"start":{"line":38,"column":0},"end":{"line":38,"column":17}},"38":{"start":{"line":39,"column":0},"end":{"line":39,"column":33}},"39":{"start":{"line":40,"column":0},"end":{"line":40,"column":25}},"40":{"start":{"line":41,"column":0},"end":{"line":41,"column":56}},"41":{"start":{"line":42,"column":0},"end":{"line":42,"column":29}},"43":{"start":{"line":44,"column":0},"end":{"line":44,"column":24}},"44":{"start":{"line":45,"column":0},"end":{"line":45,"column":19}},"45":{"start":{"line":46,"column":0},"end":{"line":46,"column":17}},"46":{"start":{"line":47,"column":0},"end":{"line":47,"column":34}},"47":{"start":{"line":48,"column":0},"end":{"line":48,"column":60}},"48":{"start":{"line":49,"column":0},"end":{"line":49,"column":56}},"49":{"start":{"line":50,"column":0},"end":{"line":50,"column":36}},"51":{"start":{"line":52,"column":0},"end":{"line":52,"column":25}},"52":{"start":{"line":53,"column":0},"end":{"line":53,"column":19}},"53":{"start":{"line":54,"column":0},"end":{"line":54,"column":14}},"56":{"start":{"line":57,"column":0},"end":{"line":57,"column":71}},"57":{"start":{"line":58,"column":0},"end":{"line":58,"column":51}},"58":{"start":{"line":59,"column":0},"end":{"line":59,"column":12}},"59":{"start":{"line":60,"column":0},"end":{"line":60,"column":12}},"61":{"start":{"line":62,"column":0},"end":{"line":62,"column":2}},"63":{"start":{"line":64,"column":0},"end":{"line":64,"column":28}}},"s":{"1":0,"14":0,"15":0,"16":0,"17":0,"18":0,"19":0,"20":0,"21":0,"22":0,"23":0,"24":0,"25":0,"26":0,"27":0,"29":0,"30":0,"31":0,"32":0,"33":0,"34":0,"35":0,"36":0,"37":0,"38":0,"39":0,"40":0,"41":0,"43":0,"44":0,"45":0,"46":0,"47":0,"48":0,"49":0,"51":0,"52":0,"53":0,"56":0,"57":0,"58":0,"59":0,"61":0,"63":0},"branchMap":{"0":{"type":"branch","line":1,"loc":{"start":{"line":1,"column":756},"end":{"line":64,"column":-402}},"locations":[{"start":{"line":1,"column":756},"end":{"line":64,"column":-402}}]}},"b":{"0":[1]},"fnMap":{"0":{"name":"(empty-report)","decl":{"start":{"line":1,"column":756},"end":{"line":64,"column":-402}},"loc":{"start":{"line":1,"column":756},"end":{"line":64,"column":-402}},"line":1}},"f":{"0":1}}
,"/Users/komlev/projects/personal/checkquest/src/components/02-Organisms/ConfirmModal/index.tsx": {"path":"/Users/komlev/projects/personal/checkquest/src/components/02-Organisms/ConfirmModal/index.tsx","all":true,"statementMap":{"0":{"start":{"line":1,"column":0},"end":{"line":1,"column":29}},"2":{"start":{"line":3,"column":0},"end":{"line":3,"column":65}}},"s":{"0":0,"2":0},"branchMap":{"0":{"type":"branch","line":1,"loc":{"start":{"line":1,"column":0},"end":{"line":3,"column":13}},"locations":[{"start":{"line":1,"column":0},"end":{"line":3,"column":13}}]}},"b":{"0":[0]},"fnMap":{"0":{"name":"(empty-report)","decl":{"start":{"line":1,"column":0},"end":{"line":3,"column":13}},"loc":{"start":{"line":1,"column":0},"end":{"line":3,"column":13}},"line":1}},"f":{"0":0}}
[...]
rt":{"line":24,"column":0},"end":{"line":24,"column":33}},"24":{"start":{"line":25,"column":0},"end":{"line":25,"column":23}},"25":{"start":{"line":26,"column":0},"end":{"line":26,"column":25}},"26":{"start":{"line":27,"column":0},"end":{"line":27,"column":23}},"27":{"start":{"line":28,"column":0},"end":{"line":28,"column":6}},"28":{"start":{"line":29,"column":0},"end":{"line":29,"column":37}},"29":{"start":{"line":30,"column":0},"end":{"line":30,"column":36}},"30":{"start":{"line":31,"column":0},"end":{"line":31,"column":38}},"31":{"start":{"line":32,"column":0},"end":{"line":32,"column":3}},"33":{"start":{"line":34,"column":0},"end":{"line":34,"column":35}},"34":{"start":{"line":35,"column":0},"end":{"line":35,"column":34}},"35":{"start":{"line":36,"column":0},"end":{"line":36,"column":3}},"37":{"start":{"line":38,"column":0},"end":{"line":38,"column":16}},"38":{"start":{"line":39,"column":0},"end":{"line":39,"column":2}},"40":{"start":{"line":41,"column":0},"end":{"line":41,"column":66}},"41":{"start":{"line":42,"column":0},"end":{"line":42,"column":13}},"42":{"start":{"line":43,"column":0},"end":{"line":43,"column":12}},"43":{"start":{"line":44,"column":0},"end":{"line":44,"column":29}},"44":{"start":{"line":45,"column":0},"end":{"line":45,"column":15}},"45":{"start":{"line":46,"column":0},"end":{"line":46,"column":29}},"46":{"start":{"line":47,"column":0},"end":{"line":47,"column":14}},"47":{"start":{"line":48,"column":0},"end":{"line":48,"column":29}},"48":{"start":{"line":49,"column":0},"end":{"line":49,"column":14}},"49":{"start":{"line":50,"column":0},"end":{"line":50,"column":29}},"50":{"start":{"line":51,"column":0},"end":{"line":51,"column":14}},"51":{"start":{"line":52,"column":0},"end":{"line":52,"column":15}}},"s":{"4":1,"5":3,"7":1,"8":8,"9":8,"10":8,"12":1,"13":12,"14":12,"15":28,"16":28,"17":20,"18":17,"20":28,"21":12,"23":1,"24":3,"25":3,"26":3,"27":3,"28":3,"29":3,"30":2,"31":2,"33":3,"34":1,"35":1,"37":3,"38":3,"40":1,"41":10,"42":2,"43":8,"44":1,"45":7,"46":1,"47":6,"48":1,"49":5,"50":1,"51":4},"branchMap":{"0":{"type":"branch","line":5,"loc":{"start":{"line":5,"column":40},"end":{"line":6,"column":75}},"locations":[{"start":{"line":5,"column":40},"end":{"line":6,"column":75}}]},"1":{"type":"branch","line":6,"loc":{"start":{"line":6,"column":18},"end":{"line":6,"column":72}},"locations":[{"start":{"line":6,"column":18},"end":{"line":6,"column":72}}]},"2":{"type":"branch","line":8,"loc":{"start":{"line":8,"column":33},"end":{"line":11,"column":69}},"locations":[{"start":{"line":8,"column":33},"end":{"line":11,"column":69}}]},"3":{"type":"branch","line":11,"loc":{"start":{"line":11,"column":21},"end":{"line":11,"column":66}},"locations":[{"start":{"line":11,"column":21},"end":{"line":11,"column":66}}]},"4":{"type":"branch","line":13,"loc":{"start":{"line":13,"column":32},"end":{"line":22,"column":46}},"locations":[{"start":{"line":13,"column":32},"end":{"line":22,"column":46}}]},"5":{"type":"branch","line":15,"loc":{"start":{"line":15,"column":12},"end":{"line":21,"column":6}},"locations":[{"start":{"line":15,"column":12},"end":{"line":21,"column":6}}]},"6":{"type":"branch","line":17,"loc":{"start":{"line":17,"column":17},"end":{"line":18,"column":40}},"locations":[{"start":{"line":17,"column":17},"end":{"line":18,"column":40}}]},"7":{"type":"branch","line":18,"loc":{"start":{"line":18,"column":11},"end":{"line":18,"column":40}},"locations":[{"start":{"line":18,"column":11},"end":{"line":18,"column":40}}]},"8":{"type":"branch","line":18,"loc":{"start":{"line":18,"column":29},"end":{"line":19,"column":41}},"locations":[{"start":{"line":18,"column":29},"end":{"line":19,"column":41}}]},"9":{"type":"branch","line":19,"loc":{"start":{"line":19,"column":12},"end":{"line":19,"column":41}},"locations":[{"start":{"line":19,"column":12},"end":{"line":19,"column":41}}]},"10":{"type":"branch","line":22,"loc":{"start":{"line":22,"column":12},"end":{"line":22,"column":43}},"locations":[{"start":{"line":22,"column":12},"end":{"line":22,"column":43}}]},"11":{"type":"branch","line":24,"loc":{"start":{"line":24,"column":32},"end":{"line":39,"column":2}},"locations":[{"start":{"line":24,"column":32},"end":{"line":39,"column":2}}]},"12":{"type":"branch","line":30,"loc":{"start":{"line":30,"column":35},"end":{"line":32,"column":3}},"locations":[{"start":{"line":30,"column":35},"end":{"line":32,"column":3}}]},"13":{"type":"branch","line":34,"loc":{"start":{"line":34,"column":34},"end":{"line":36,"column":3}},"locations":[{"start":{"line":34,"column":34},"end":{"line":36,"column":3}}]},"14":{"type":"branch","line":41,"loc":{"start":{"line":41,"column":29},"end":{"line":52,"column":15}},"locations":[{"start":{"line":41,"column":29},"end":{"line":52,"column":15}}]},"15":{"type":"branch","line":42,"loc":{"start":{"line":42,"column":12},"end":{"line":43,"column":12}},"locations":[{"start":{"line":42,"column":12},"end":{"line":43,"column":12}}]},"16":{"type":"branch","line":43,"loc":{"start":{"line":43,"column":6},"end":{"line":52,"column":15}},"locations":[{"start":{"line":43,"column":6},"end":{"line":52,"column":15}}]},"17":{"type":"branch","line":44,"loc":{"start":{"line":44,"column":26},"end":{"line":45,"column":15}},"locations":[{"start":{"line":44,"column":26},"end":{"line":45,"column":15}}]},"18":{"type":"branch","line":45,"loc":{"start":{"line":45,"column":6},"end":{"line":52,"column":15}},"locations":[{"start":{"line":45,"column":6},"end":{"line":52,"column":15}}]},"19":{"type":"branch","line":46,"loc":{"start":{"line":46,"column":26},"end":{"line":47,"column":14}},"locations":[{"start":{"line":46,"column":26},"end":{"line":47,"column":14}}]},"20":{"type":"branch","line":47,"loc":{"start":{"line":47,"column":6},"end":{"line":52,"column":15}},"locations":[{"start":{"line":47,"column":6},"end":{"line":52,"column":15}}]},"21":{"type":"branch","line":48,"loc":{"start":{"line":48,"column":26},"end":{"line":49,"column":14}},"locations":[{"start":{"line":48,"column":26},"end":{"line":49,"column":14}}]},"22":{"type":"branch","line":49,"loc":{"start":{"line":49,"column":6},"end":{"line":52,"column":15}},"locations":[{"start":{"line":49,"column":6},"end":{"line":52,"column":15}}]},"23":{"type":"branch","line":50,"loc":{"start":{"line":50,"column":26},"end":{"line":51,"column":14}},"locations":[{"start":{"line":50,"column":26},"end":{"line":51,"column":14}}]},"24":{"type":"branch","line":51,"loc":{"start":{"line":51,"column":6},"end":{"line":52,"column":15}},"locations":[{"start":{"line":51,"column":6},"end":{"line":52,"column":15}}]}},"b":{"0":[3],"1":[3],"2":[8],"3":[8],"4":[12],"5":[28],"6":[20],"7":[6],"8":[17],"9":[14],"10":[20],"11":[3],"12":[2],"13":[1],"14":[10],"15":[2],"16":[8],"17":[1],"18":[7],"19":[1],"20":[6],"21":[1],"22":[5],"23":[1],"24":[4]},"fnMap":{"0":{"name":"getSectionsQuestionCount","decl":{"start":{"line":5,"column":40},"end":{"line":6,"column":75}},"loc":{"start":{"line":5,"column":40},"end":{"line":6,"column":75}},"line":5},"1":{"name":"getSectionsPoints","decl":{"start":{"line":8,"column":33},"end":{"line":11,"column":69}},"loc":{"start":{"line":8,"column":33},"end":{"line":11,"column":69}},"line":8},"2":{"name":"getSectionPoints","decl":{"start":{"line":13,"column":32},"end":{"line":22,"column":46}},"loc":{"start":{"line":13,"column":32},"end":{"line":22,"column":46}},"line":13},"3":{"name":"getQuestionLabel","decl":{"start":{"line":24,"column":32},"end":{"line":39,"column":2}},"loc":{"start":{"line":24,"column":32},"end":{"line":39,"column":2}},"line":24},"4":{"name":"getSkillLevel","decl":{"start":{"line":41,"column":29},"end":{"line":52,"column":15}},"loc":{"start":{"line":41,"column":29},"end":{"line":52,"column":15}},"line":41}},"f":{"0":3,"1":8,"2":12,"3":3,"4":10}}
,"/Users/komlev/projects/personal/checkquest/src/utils/id.ts": {"path":"/Users/komlev/projects/personal/checkquest/src/utils/id.ts","all":false,"statementMap":{"0":{"start":{"line":1,"column":0},"end":{"line":1,"column":32}},"2":{"start":{"line":3,"column":0},"end":{"line":3,"column":37}}},"s":{"0":1,"2":1},"branchMap":{"0":{"type":"branch","line":3,"loc":{"start":{"line":3,"column":21},"end":{"line":3,"column":37}},"locations":[{"start":{"line":3,"column":21},"end":{"line":3,"column":37}}]}},"b":{"0":[1004]},"fnMap":{"0":{"name":"getId","decl":{"start":{"line":3,"column":21},"end":{"line":3,"column":37}},"loc":{"start":{"line":3,"column":21},"end":{"line":3,"column":37}},"line":3}},"f":{"0":1004}}
,"/Users/komlev/projects/personal/checkquest/src/utils/interview.ts": {"path":"/Users/komlev/projects/personal/checkquest/src/utils/interview.ts","all":false,"statementMap":{"1":{"start":{"line":2,"column":0},"end":{"line":2,"column":63}},"3":{"start":{"line":4,"column":0},"end":{"line":4,"column":74}},"4":{"start":{"line":5,"column":0},"end":{"line":5,"column":18}},"5":{"start":{"line":6,"column":0},"end":{"line":6,"column":23}},"6":{"start":{"line":7,"column":0},"end":{"line":7,"column":64}},"7":{"start":{"line":8,"column":0},"end":{"line":8,"column":5}},"8":{"start":{"line":9,"column":0},"end":{"line":9,"column":4}},"12":{"start":{"line":13,"column":0},"end":{"line":13,"column":73}},"13":{"start":{"line":14,"column":0},"end":{"line":14,"column":45}},"14":{"start":{"line":15,"column":0},"end":{"line":15,"column":50}},"15":{"start":{"line":16,"column":0},"end":{"line":16,"column":15}},"16":{"start":{"line":17,"column":0},"end":{"line":17,"column":11}},"17":{"start":{"line":18,"column":0},"end":{"line":18,"column":27}},"18":{"start":{"line":19,"column":0},"end":{"line":19,"column":63}},"19":{"start":{"line":20,"column":0},"end":{"line":20,"column":9}},"20":{"start":{"line":21,"column":0},"end":{"line":21,"column":8}},"21":{"start":{"line":22,"column":0},"end":{"line":22,"column":5}},"22":{"start":{"line":23,"column":0},"end":{"line":23,"column":4}},"23":{"start":{"line":24,"column":0},"end":{"line":24,"column":71}},"24":{"start":{"line":25,"column":0},"end":{"line":25,"column":70}},"25":{"start":{"line":26,"column":0},"end":{"line":26,"column":19}},"26":{"start":{"line":27,"column":0},"end":{"line":27,"column":72}},"27":{"start":{"line":28,"column":0},"end":{"line":28,"column":65}},"28":{"start":{"line":29,"column":0},"end":{"line":29,"column":21}},"29":{"start":{"line":30,"column":0},"end":{"line":30,"column":28}},"30":{"start":{"line":31,"column":0},"end":{"line":31,"column":62}},"31":{"start":{"line":32,"column":0},"end":{"line":32,"column":7}},"32":{"start":{"line":33,"column":0},"end":{"line":33,"column":10}},"33":{"start":{"line":34,"column":0},"end":{"line":34,"column":22}},"34":{"start":{"line":35,"column":0},"end":{"line":35,"column":19}},"35":{"start":{"line":36,"column":0},"end":{"line":36,"column":36}},"36":{"start":{"line":37,"column":0},"end":{"line":37,"column":7}},"37":{"start":{"line":38,"column":0},"end":{"line":38,"column":25}},"38":{"start":{"line":39,"column":0},"end":{"line":39,"column":22}},"39":{"start":{"line":40,"column":0},"end":{"line":40,"column":65}},"40":{"start":{"line":41,"column":0},"end":{"line":41,"column":15}},"41":{"start":{"line":42,"column":0},"end":{"line":42,"column":76}},"42":{"start":{"line":43,"column":0},"end":{"line":43,"column":12}},"43":{"start":{"line":44,"column":0},"end":{"line":44,"column":18}},"44":{"start":{"line":45,"column":0},"end":{"line":45,"column":6}},"45":{"start":{"line":46,"column":0},"end":{"line":46,"column":4}},"46":{"start":{"line":47,"column":0},"end":{"line":47,"column":44}},"47":{"start":{"line":48,"column":0},"end":{"line":48,"column":2}},"49":{"start":{"line":50,"column":0},"end":{"line":50,"column":36}},"50":{"start":{"line":51,"column":0},"end":{"line":51,"column":23}},"51":{"start":{"line":52,"column":0},"end":{"line":52,"column":24}},"52":{"start":{"line":53,"column":0},"end":{"line":53,"column":30}},"53":{"start":{"line":54,"column":0},"end":{"line":54,"column":6}},"54":{"start":{"line":55,"column":0},"end":{"line":55,"column":19}},"55":{"start":{"line":56,"column":0},"end":{"line":56,"column":18}},"56":{"start":{"line":57,"column":0},"end":{"line":57,"column":50}},"57":{"start":{"line":58,"column":0},"end":{"line":58,"column":5}},"58":{"start":{"line":59,"column":0},"end":{"line":59,"column":12}},"59":{"start":{"line":60,"column":0},"end":{"line":60,"column":16}},"60":{"start":{"line":61,"column":0},"end":{"line":61,"column":3}},"61":{"start":{"line":62,"column":0},"end":{"line":62,"column":2}}},"s":{"1":1,"3":1,"4":3,"5":3,"6":3,"7":3,"8":3,"12":1,"13":4,"14":4,"15":4,"16":3,"17":3,"18":3,"19":3,"20":3,"21":4,"22":4,"23":4,"24":4,"25":4,"26":4,"27":4,"28":4,"29":4,"30":4,"31":4,"32":4,"33":4,"34":4,"35":4,"36":3,"37":3,"38":3,"39":3,"40":3,"41":3,"42":3,"43":3,"44":4,"45":4,"46":4,"47":4,"49":1,"50":4,"51":4,"52":4,"53":4,"54":4,"55":4,"56":4,"57":4,"58":4,"59":0,"60":4,"61":4},"branchMap":{"0":{"type":"branch","line":4,"loc":{"start":{"line":4,"column":45},"end":{"line":9,"column":4}},"locations":[{"start":{"line":4,"column":45},"end":{"line":9,"column":4}}]},"1":{"type":"branch","line":6,"loc":{"start":{"line":6,"column":4},"end":{"line":7,"column":64}},"locations":[{"start":{"line":6,"column":4},"end":{"line":7,"column":64}}]},"2":{"type":"branch","line":7,"loc":{"start":{"line":7,"column":39},"end":{"line":7,"column":55}},"locations":[{"start":{"line":7,"column":39},"end":{"line":7,"column":55}}]},"3":{"type":"branch","line":13,"loc":{"start":{"line":13,"column":23},"end":{"line":48,"column":2}},"locations":[{"start":{"line":13,"column":23},"end":{"line":48,"column":2}}]},"4":{"type":"branch","line":24,"loc":{"start":{"line":24,"column":38},"end":{"line":24,"column":59}},"locations":[{"start":{"line":24,"column":38},"end":{"line":24,"column":59}}]},"5":{"type":"branch","line":25,"loc":{"start":{"line":25,"column":24},"end":{"line":25,"column":42}},"locations":[{"start":{"line":25,"column":24},"end":{"line":25,"column":42}}]},"6":{"type":"branch","line":25,"loc":{"start":{"line":25,"column":35},"end":{"line":25,"column":67}},"locations":[{"start":{"line":25,"column":35},"end":{"line":25,"column":67}}]},"7":{"type":"branch","line":25,"loc":{"start":{"line":25,"column":61},"end":{"line":25,"column":70}},"locations":[{"start":{"line":25,"column":61},"end":{"line":25,"column":70}}]},"8":{"type":"branch","line":31,"loc":{"start":{"line":31,"column":20},"end":{"line":31,"column":60}},"locations":[{"start":{"line":31,"column":20},"end":{"line":31,"column":60}}]},"9":{"type":"branch","line":31,"loc":{"start":{"line":31,"column":41},"end":{"line":31,"column":62}},"locations":[{"start":{"line":31,"column":41},"end":{"line":31,"column":62}}]},"10":{"type":"branch","line":16,"loc":{"start":{"line":16,"column":4},"end":{"line":21,"column":8}},"locations":[{"start":{"line":16,"column":4},"end":{"line":21,"column":8}}]},"11":{"type":"branch","line":19,"loc":{"start":{"line":19,"column":8},"end":{"line":19,"column":63}},"locations":[{"start":{"line":19,"column":8},"end":{"line":19,"column":63}}]},"12":{"type":"branch","line":19,"loc":{"start":{"line":19,"column":29},"end":{"line":19,"column":50}},"locations":[{"start":{"line":19,"column":29},"end":{"line":19,"column":50}}]},"13":{"type":"branch","line":19,"loc":{"start":{"line":19,"column":40},"end":{"line":19,"column":60}},"locations":[{"start":{"line":19,"column":40},"end":{"line":19,"column":60}}]},"14":{"type":"branch","line":19,"loc":{"start":{"line":19,"column":52},"end":{"line":19,"column":63}},"locations":[{"start":{"line":19,"column":52},"end":{"line":19,"column":63}}]},"15":{"type":"branch","line":36,"loc":{"start":{"line":36,"column":30},"end":{"line":44,"column":18}},"locations":[{"start":{"line":36,"column":30},"end":{"line":44,"column":18}}]},"16":{"type":"branch","line":40,"loc":{"start":{"line":40,"column":16},"end":{"line":40,"column":64}},"locations":[{"start":{"line":40,"column":16},"end":{"line":40,"column":64}}]},"17":{"type":"branch","line":40,"loc":{"start":{"line":40,"column":47},"end":{"line":40,"column":62}},"locations":[{"start":{"line":40,"column":47},"end":{"line":40,"column":62}}]},"18":{"type":"branch","line":42,"loc":{"start":{"line":42,"column":12},"end":{"line":42,"column":76}},"locations":[{"start":{"line":42,"column":12},"end":{"line":42,"column":76}}]},"19":{"type":"branch","line":42,"loc":{"start":{"line":42,"column":36},"end":{"line":42,"column":59}},"locations":[{"start":{"line":42,"column":36},"end":{"line":42,"column":59}}]},"20":{"type":"branch","line":42,"loc":{"start":{"line":42,"column":46},"end":{"line":42,"column":73}},"locations":[{"start":{"line":42,"column":46},"end":{"line":42,"column":73}}]},"21":{"type":"branch","line":50,"loc":{"start":{"line":50,"column":35},"end":{"line":62,"column":2}},"locations":[{"start":{"line":50,"column":35},"end":{"line":62,"column":2}}]},"22":{"type":"branch","line":59,"loc":{"start":{"line":59,"column":4},"end":{"line":60,"column":16}},"locations":[{"start":{"line":59,"column":4},"end":{"line":60,"column":16}}]}},"b":{"0":[3],"1":[3],"2":[4],"3":[4],"4":[2],"5":[2],"6":[2],"7":[2],"8":[1],"9":[3],"10":[3],"11":[6],"12":[1],"13":[1],"14":[5],"15":[3],"16":[3],"17":[0],"18":[6],"19":[4],"20":[2],"21":[4],"22":[0]},"fnMap":{"0":{"name":"getInterviewAnsweredQuestions","decl":{"start":{"line":4,"column":45},"end":{"line":9,"column":4}},"loc":{"start":{"line":4,"column":45},"end":{"line":9,"column":4}},"line":4},"1":{"name":"getTextSummary","decl":{"start":{"line":13,"column":23},"end":{"line":48,"column":2}},"loc":{"start":{"line":13,"column":23},"end":{"line":48,"column":2}},"line":13},"2":{"name":"getInterviewSummary","decl":{"start":{"line":50,"column":35},"end":{"line":62,"column":2}},"loc":{"start":{"line":50,"column":35},"end":{"line":62,"column":2}},"line":50}},"f":{"0":3,"1":4,"2":4}}
,"/Users/komlev/projects/personal/checkquest/src/utils/querystring.ts": {"path":"/Users/komlev/projects/personal/checkquest/src/utils/querystring.ts","all":false,"statementMap":{"0":{"start":{"line":1,"column":0},"end":{"line":1,"column":26}},"1":{"start":{"line":2,"column":0},"end":{"line":2,"column":34}},"2":{"start":{"line":3,"column":0},"end":{"line":3,"column":21}},"4":{"start":{"line":5,"column":0},"end":{"line":5,"column":26}},"5":{"start":{"line":6,"column":0},"end":{"line":6,"column":22}},"6":{"start":{"line":7,"column":0},"end":{"line":7,"column":34}},"7":{"start":{"line":8,"column":0},"end":{"line":8,"column":28}},"8":{"start":{"line":9,"column":0},"end":{"line":9,"column":61}},"9":{"start":{"line":10,"column":0},"end":{"line":10,"column":8}},"10":{"start":{"line":11,"column":0},"end":{"line":11,"column":5}},"11":{"start":{"line":12,"column":0},"end":{"line":12,"column":15}}},"s":{"0":1,"1":6,"2":6,"4":6,"5":6,"6":6,"7":6,"8":10,"9":6,"10":6,"11":6},"branchMap":{"0":{"type":"branch","line":1,"loc":{"start":{"line":1,"column":25},"end":{"line":12,"column":15}},"locations":[{"start":{"line":1,"column":25},"end":{"line":12,"column":15}}]},"1":{"type":"branch","line":5,"loc":{"start":{"line":5,"column":3},"end":{"line":5,"column":21}},"locations":[{"start":{"line":5,"column":3},"end":{"line":5,"column":21}}]},"2":{"type":"branch","line":5,"loc":{"start":{"line":5,"column":15},"end":{"line":5,"column":26}},"locations":[{"start":{"line":5,"column":15},"end":{"line":5,"column":26}}]},"3":{"type":"branch","line":8,"loc":{"start":{"line":8,"column":6},"end":{"line":9,"column":61}},"locations":[{"start":{"line":8,"column":6},"end":{"line":9,"column":61}}]},"4":{"type":"branch","line":9,"loc":{"start":{"line":9,"column":18},"end":{"line":9,"column":57}},"locations":[{"start":{"line":9,"column":18},"end":{"line":9,"column":57}}]},"5":{"type":"branch","line":9,"loc":{"start":{"line":9,"column":53},"end":{"line":9,"column":61}},"locations":[{"start":{"line":9,"column":53},"end":{"line":9,"column":61}}]}},"b":{"0":[6],"1":[1],"2":[5],"3":[10],"4":[9],"5":[1]},"fnMap":{"0":{"name":"stringify","decl":{"start":{"line":1,"column":25},"end":{"line":12,"column":15}},"loc":{"start":{"line":1,"column":25},"end":{"line":12,"column":15}},"line":1}},"f":{"0":6}}
}
